<?xml version="1.0" encoding="UTF-8"?>
<coverage generated="1768351147660" clover="3.2.0">
  <project timestamp="1768351147660" name="All files">
    <metrics statements="615" coveredstatements="410" conditionals="376" coveredconditionals="214" methods="143" coveredmethods="89" elements="1134" coveredelements="713" complexity="0" loc="615" ncloc="615" packages="4" files="13" classes="13"/>
    <package name="lib">
      <metrics statements="143" coveredstatements="40" conditionals="102" coveredconditionals="25" methods="31" coveredmethods="12"/>
      <file name="analytics.ts" path="C:\Users\sinyo\aSpiral\aSpiral\aSpiral\aSpiral\src\lib\analytics.ts">
        <metrics statements="121" coveredstatements="24" conditionals="80" coveredconditionals="14" methods="20" coveredmethods="4"/>
        <line num="9" count="2" type="cond" truecount="2" falsecount="0"/>
        <line num="10" count="2" type="cond" truecount="2" falsecount="0"/>
        <line num="12" count="2" type="stmt"/>
        <line num="15" count="2" type="stmt"/>
        <line num="21" count="10" type="stmt"/>
        <line num="22" count="10" type="stmt"/>
        <line num="24" count="1" type="stmt"/>
        <line num="33" count="6" type="stmt"/>
        <line num="34" count="6" type="cond" truecount="2" falsecount="0"/>
        <line num="36" count="6" type="cond" truecount="1" falsecount="1"/>
        <line num="37" count="0" type="cond" truecount="0" falsecount="2"/>
        <line num="38" count="0" type="stmt"/>
        <line num="39" count="0" type="stmt"/>
        <line num="41" count="0" type="stmt"/>
        <line num="42" count="0" type="stmt"/>
        <line num="46" count="0" type="stmt"/>
        <line num="56" count="10" type="cond" truecount="3" falsecount="1"/>
        <line num="57" count="10" type="stmt"/>
        <line num="61" count="0" type="stmt"/>
        <line num="63" count="0" type="stmt"/>
        <line num="64" count="0" type="stmt"/>
        <line num="78" count="0" type="stmt"/>
        <line num="80" count="0" type="cond" truecount="0" falsecount="2"/>
        <line num="81" count="0" type="stmt"/>
        <line num="83" count="0" type="stmt"/>
        <line num="86" count="0" type="stmt"/>
        <line num="116" count="0" type="cond" truecount="0" falsecount="2"/>
        <line num="118" count="0" type="stmt"/>
        <line num="119" count="0" type="stmt"/>
        <line num="125" count="0" type="cond" truecount="0" falsecount="2"/>
        <line num="126" count="0" type="stmt"/>
        <line num="129" count="0" type="stmt"/>
        <line num="137" count="0" type="cond" truecount="0" falsecount="2"/>
        <line num="139" count="0" type="stmt"/>
        <line num="140" count="0" type="stmt"/>
        <line num="145" count="0" type="cond" truecount="0" falsecount="2"/>
        <line num="146" count="0" type="stmt"/>
        <line num="149" count="0" type="stmt"/>
        <line num="172" count="0" type="cond" truecount="0" falsecount="2"/>
        <line num="174" count="0" type="stmt"/>
        <line num="175" count="0" type="stmt"/>
        <line num="184" count="0" type="cond" truecount="0" falsecount="2"/>
        <line num="185" count="0" type="stmt"/>
        <line num="188" count="0" type="stmt"/>
        <line num="208" count="0" type="cond" truecount="0" falsecount="2"/>
        <line num="210" count="0" type="stmt"/>
        <line num="211" count="0" type="stmt"/>
        <line num="216" count="0" type="cond" truecount="0" falsecount="2"/>
        <line num="217" count="0" type="stmt"/>
        <line num="220" count="0" type="stmt"/>
        <line num="254" count="0" type="cond" truecount="0" falsecount="2"/>
        <line num="256" count="0" type="stmt"/>
        <line num="257" count="0" type="stmt"/>
        <line num="263" count="0" type="cond" truecount="0" falsecount="2"/>
        <line num="264" count="0" type="stmt"/>
        <line num="267" count="0" type="stmt"/>
        <line num="275" count="2" type="stmt"/>
        <line num="281" count="0" type="stmt"/>
        <line num="288" count="0" type="cond" truecount="0" falsecount="2"/>
        <line num="289" count="0" type="stmt"/>
        <line num="296" count="0" type="cond" truecount="0" falsecount="2"/>
        <line num="298" count="0" type="stmt"/>
        <line num="299" count="0" type="stmt"/>
        <line num="305" count="0" type="cond" truecount="0" falsecount="2"/>
        <line num="306" count="0" type="stmt"/>
        <line num="309" count="0" type="stmt"/>
        <line num="355" count="8" type="cond" truecount="1" falsecount="1"/>
        <line num="357" count="8" type="stmt"/>
        <line num="358" count="8" type="stmt"/>
        <line num="359" count="8" type="stmt"/>
        <line num="365" count="8" type="stmt"/>
        <line num="368" count="8" type="cond" truecount="1" falsecount="1"/>
        <line num="369" count="0" type="stmt"/>
        <line num="370" count="8" type="cond" truecount="1" falsecount="1"/>
        <line num="371" count="0" type="stmt"/>
        <line num="374" count="8" type="cond" truecount="1" falsecount="1"/>
        <line num="375" count="8" type="stmt"/>
        <line num="378" count="0" type="stmt"/>
        <line num="386" count="0" type="cond" truecount="0" falsecount="2"/>
        <line num="388" count="0" type="stmt"/>
        <line num="389" count="0" type="stmt"/>
        <line num="394" count="0" type="cond" truecount="0" falsecount="2"/>
        <line num="395" count="0" type="stmt"/>
        <line num="398" count="0" type="cond" truecount="0" falsecount="2"/>
        <line num="399" count="0" type="stmt"/>
        <line num="402" count="0" type="stmt"/>
        <line num="432" count="0" type="cond" truecount="0" falsecount="2"/>
        <line num="434" count="0" type="stmt"/>
        <line num="436" count="0" type="stmt"/>
        <line num="441" count="0" type="stmt"/>
        <line num="448" count="0" type="stmt"/>
        <line num="455" count="0" type="stmt"/>
        <line num="472" count="0" type="cond" truecount="0" falsecount="2"/>
        <line num="474" count="0" type="stmt"/>
        <line num="475" count="0" type="stmt"/>
        <line num="480" count="0" type="cond" truecount="0" falsecount="2"/>
        <line num="481" count="0" type="stmt"/>
        <line num="484" count="0" type="stmt"/>
        <line num="496" count="0" type="stmt"/>
        <line num="498" count="0" type="cond" truecount="0" falsecount="2"/>
        <line num="499" count="0" type="stmt"/>
        <line num="502" count="0" type="cond" truecount="0" falsecount="2"/>
        <line num="503" count="0" type="stmt"/>
        <line num="506" count="0" type="stmt"/>
        <line num="513" count="0" type="stmt"/>
        <line num="515" count="0" type="cond" truecount="0" falsecount="2"/>
        <line num="517" count="0" type="stmt"/>
        <line num="522" count="0" type="stmt"/>
        <line num="529" count="2" type="stmt"/>
        <line num="566" count="0" type="cond" truecount="0" falsecount="2"/>
        <line num="567" count="0" type="stmt"/>
        <line num="569" count="0" type="cond" truecount="0" falsecount="2"/>
        <line num="570" count="0" type="stmt"/>
        <line num="578" count="0" type="cond" truecount="0" falsecount="2"/>
        <line num="579" count="0" type="stmt"/>
        <line num="580" count="0" type="stmt"/>
        <line num="582" count="0" type="cond" truecount="0" falsecount="2"/>
        <line num="583" count="0" type="stmt"/>
        <line num="591" count="0" type="cond" truecount="0" falsecount="2"/>
        <line num="592" count="0" type="stmt"/>
        <line num="597" count="2" type="stmt"/>
      </file>
      <file name="logger.ts" path="C:\Users\sinyo\aSpiral\aSpiral\aSpiral\aSpiral\src\lib\logger.ts">
        <metrics statements="22" coveredstatements="16" conditionals="22" coveredconditionals="11" methods="11" coveredmethods="8"/>
        <line num="16" count="3" type="stmt"/>
        <line num="27" count="8" type="stmt"/>
        <line num="30" count="176" type="cond" truecount="3" falsecount="1"/>
        <line num="32" count="176" type="cond" truecount="1" falsecount="1"/>
        <line num="33" count="0" type="stmt"/>
        <line num="36" count="176" type="stmt"/>
        <line num="37" count="176" type="stmt"/>
        <line num="38" count="5775" type="cond" truecount="1" falsecount="1"/>
        <line num="39" count="0" type="stmt"/>
        <line num="40" count="825" type="cond" truecount="2" falsecount="2"/>
        <line num="41" count="0" type="stmt"/>
        <line num="43" count="825" type="stmt"/>
        <line num="46" count="176" type="stmt"/>
        <line num="50" count="214" type="stmt"/>
        <line num="59" count="214" type="stmt"/>
        <line num="66" count="214" type="stmt"/>
        <line num="75" count="0" type="cond" truecount="0" falsecount="2"/>
        <line num="76" count="0" type="stmt"/>
        <line num="81" count="205" type="stmt"/>
        <line num="85" count="9" type="stmt"/>
        <line num="89" count="0" type="stmt"/>
        <line num="106" count="8" type="stmt"/>
      </file>
    </package>
    <package name="lib.breakthrough">
      <metrics statements="442" coveredstatements="341" conditionals="250" coveredconditionals="168" methods="109" coveredmethods="74"/>
      <file name="catalog.ts" path="C:\Users\sinyo\aSpiral\aSpiral\aSpiral\aSpiral\src\lib\breakthrough\catalog.ts">
        <metrics statements="69" coveredstatements="57" conditionals="27" coveredconditionals="20" methods="23" coveredmethods="12"/>
        <line num="19" count="3" type="stmt"/>
        <line num="74" count="3" type="stmt"/>
        <line num="1517" count="99" type="stmt"/>
        <line num="1524" count="0" type="stmt"/>
        <line num="1531" count="0" type="stmt"/>
        <line num="1538" count="0" type="stmt"/>
        <line num="1545" count="308" type="stmt"/>
        <line num="1552" count="0" type="stmt"/>
        <line num="1559" count="106" type="stmt"/>
        <line num="1560" count="954" type="stmt"/>
        <line num="1561" count="954" type="stmt"/>
        <line num="1562" count="954" type="stmt"/>
        <line num="1563" count="954" type="stmt"/>
        <line num="1571" count="436" type="stmt"/>
        <line num="1572" count="436" type="cond" truecount="1" falsecount="1"/>
        <line num="1574" count="436" type="stmt"/>
        <line num="1575" count="436" type="stmt"/>
        <line num="1576" count="436" type="stmt"/>
        <line num="1578" count="436" type="stmt"/>
        <line num="1579" count="436" type="stmt"/>
        <line num="1580" count="436" type="stmt"/>
        <line num="1581" count="436" type="stmt"/>
        <line num="1582" count="436" type="stmt"/>
        <line num="1584" count="436" type="cond" truecount="2" falsecount="0"/>
        <line num="1585" count="350" type="stmt"/>
        <line num="1586" count="350" type="cond" truecount="2" falsecount="0"/>
        <line num="1588" count="350" type="cond" truecount="3" falsecount="0"/>
        <line num="1589" count="168" type="cond" truecount="2" falsecount="0"/>
        <line num="1590" count="38" type="stmt"/>
        <line num="1591" count="144" type="stmt"/>
        <line num="1595" count="436" type="stmt"/>
        <line num="1602" count="436" type="stmt"/>
        <line num="1603" count="436" type="stmt"/>
        <line num="1604" count="436" type="stmt"/>
        <line num="1606" count="436" type="stmt"/>
        <line num="1607" count="436" type="stmt"/>
        <line num="1608" count="436" type="stmt"/>
        <line num="1610" count="436" type="stmt"/>
        <line num="1612" count="436" type="cond" truecount="2" falsecount="0"/>
        <line num="1613" count="267" type="cond" truecount="1" falsecount="1"/>
        <line num="1614" count="267" type="cond" truecount="2" falsecount="0"/>
        <line num="1615" count="221" type="cond" truecount="2" falsecount="0"/>
        <line num="1616" count="142" type="cond" truecount="2" falsecount="0"/>
        <line num="1617" count="91" type="stmt"/>
        <line num="1619" count="1308" type="stmt"/>
        <line num="1620" count="436" type="stmt"/>
        <line num="1627" count="436" type="stmt"/>
        <line num="1628" count="436" type="stmt"/>
        <line num="1635" count="106" type="stmt"/>
        <line num="1637" count="106" type="stmt"/>
        <line num="1640" count="106" type="stmt"/>
        <line num="1654" count="106" type="stmt"/>
        <line num="1660" count="106" type="stmt"/>
        <line num="1666" count="106" type="stmt"/>
        <line num="1667" count="106" type="stmt"/>
        <line num="1668" count="106" type="cond" truecount="1" falsecount="1"/>
        <line num="1671" count="106" type="stmt"/>
        <line num="1672" count="106" type="stmt"/>
        <line num="1673" count="436" type="stmt"/>
        <line num="1676" count="106" type="stmt"/>
        <line num="1690" count="201" type="stmt"/>
        <line num="1703" count="0" type="stmt"/>
        <line num="1704" count="0" type="stmt"/>
        <line num="1706" count="0" type="stmt"/>
        <line num="1707" count="0" type="cond" truecount="0" falsecount="2"/>
        <line num="1708" count="0" type="cond" truecount="0" falsecount="2"/>
        <line num="1711" count="0" type="stmt"/>
        <line num="1715" count="0" type="stmt"/>
        <line num="1716" count="0" type="stmt"/>
      </file>
      <file name="director.ts" path="C:\Users\sinyo\aSpiral\aSpiral\aSpiral\aSpiral\src\lib\breakthrough\director.ts">
        <metrics statements="168" coveredstatements="148" conditionals="92" coveredconditionals="74" methods="32" coveredmethods="30"/>
        <line num="19" count="2" type="stmt"/>
        <line num="26" count="2" type="stmt"/>
        <line num="29" count="2" type="stmt"/>
        <line num="32" count="2" type="stmt"/>
        <line num="35" count="2" type="stmt"/>
        <line num="38" count="2" type="stmt"/>
        <line num="48" count="24" type="stmt"/>
        <line num="57" count="24" type="stmt"/>
        <line num="58" count="24" type="stmt"/>
        <line num="59" count="24" type="stmt"/>
        <line num="60" count="24" type="stmt"/>
        <line num="62" count="24" type="stmt"/>
        <line num="63" count="24" type="stmt"/>
        <line num="64" count="24" type="stmt"/>
        <line num="67" count="24" type="stmt"/>
        <line num="76" count="24" type="stmt"/>
        <line num="77" count="24" type="stmt"/>
        <line num="80" count="24" type="stmt"/>
        <line num="81" count="24" type="stmt"/>
        <line num="91" count="13" type="stmt"/>
        <line num="102" count="10" type="cond" truecount="2" falsecount="0"/>
        <line num="103" count="10" type="cond" truecount="2" falsecount="0"/>
        <line num="104" count="10" type="cond" truecount="2" falsecount="0"/>
        <line num="114" count="0" type="cond" truecount="0" falsecount="2"/>
        <line num="115" count="0" type="cond" truecount="0" falsecount="2"/>
        <line num="123" count="5" type="stmt"/>
        <line num="124" count="5" type="stmt"/>
        <line num="125" count="5" type="stmt"/>
        <line num="129" count="5" type="cond" truecount="4" falsecount="0"/>
        <line num="130" count="4" type="stmt"/>
        <line num="138" count="0" type="stmt"/>
        <line num="152" count="14" type="cond" truecount="1" falsecount="1"/>
        <line num="153" count="0" type="stmt"/>
        <line num="155" count="0" type="stmt"/>
        <line num="158" count="14" type="stmt"/>
        <line num="160" count="14" type="stmt"/>
        <line num="162" count="14" type="stmt"/>
        <line num="170" count="14" type="stmt"/>
        <line num="173" count="14" type="stmt"/>
        <line num="178" count="14" type="stmt"/>
        <line num="179" count="14" type="stmt"/>
        <line num="181" count="14" type="stmt"/>
        <line num="183" count="0" type="cond" truecount="0" falsecount="2"/>
        <line num="184" count="0" type="stmt"/>
        <line num="188" count="0" type="stmt"/>
        <line num="189" count="0" type="stmt"/>
        <line num="201" count="17" type="cond" truecount="2" falsecount="0"/>
        <line num="202" count="1" type="stmt"/>
        <line num="203" count="1" type="stmt"/>
        <line num="204" count="1" type="stmt"/>
        <line num="208" count="17" type="cond" truecount="2" falsecount="0"/>
        <line num="210" count="17" type="cond" truecount="2" falsecount="0"/>
        <line num="211" count="1" type="stmt"/>
        <line num="212" count="1" type="stmt"/>
        <line num="213" count="1" type="stmt"/>
        <line num="215" count="16" type="stmt"/>
        <line num="219" count="17" type="stmt"/>
        <line num="220" count="17" type="stmt"/>
        <line num="221" count="17" type="stmt"/>
        <line num="222" count="17" type="stmt"/>
        <line num="224" count="17" type="stmt"/>
        <line num="227" count="17" type="stmt"/>
        <line num="230" count="17" type="stmt"/>
        <line num="233" count="17" type="stmt"/>
        <line num="236" count="17" type="stmt"/>
        <line num="243" count="81" type="cond" truecount="2" falsecount="0"/>
        <line num="245" count="80" type="stmt"/>
        <line num="248" count="80" type="cond" truecount="1" falsecount="1"/>
        <line num="249" count="0" type="stmt"/>
        <line num="257" count="3" type="cond" truecount="1" falsecount="1"/>
        <line num="258" count="0" type="stmt"/>
        <line num="259" count="0" type="stmt"/>
        <line num="262" count="3" type="stmt"/>
        <line num="265" count="3" type="stmt"/>
        <line num="266" count="3" type="stmt"/>
        <line num="274" count="3" type="cond" truecount="3" falsecount="1"/>
        <line num="275" count="0" type="stmt"/>
        <line num="278" count="3" type="stmt"/>
        <line num="281" count="3" type="stmt"/>
        <line num="284" count="3" type="stmt"/>
        <line num="287" count="3" type="stmt"/>
        <line num="294" count="1" type="cond" truecount="3" falsecount="1"/>
        <line num="295" count="0" type="stmt"/>
        <line num="298" count="1" type="stmt"/>
        <line num="300" count="1" type="stmt"/>
        <line num="301" count="1" type="stmt"/>
        <line num="310" count="2" type="stmt"/>
        <line num="317" count="1" type="stmt"/>
        <line num="324" count="19" type="stmt"/>
        <line num="325" count="19" type="stmt"/>
        <line num="326" count="19" type="stmt"/>
        <line num="327" count="19" type="stmt"/>
        <line num="328" count="19" type="stmt"/>
        <line num="329" count="19" type="stmt"/>
        <line num="330" count="19" type="stmt"/>
        <line num="331" count="19" type="stmt"/>
        <line num="332" count="19" type="stmt"/>
        <line num="340" count="58" type="stmt"/>
        <line num="341" count="58" type="stmt"/>
        <line num="346" count="17" type="stmt"/>
        <line num="347" count="32" type="cond" truecount="1" falsecount="1"/>
        <line num="348" count="0" type="stmt"/>
        <line num="349" count="0" type="stmt"/>
        <line num="353" count="32" type="cond" truecount="2" falsecount="0"/>
        <line num="354" count="2" type="stmt"/>
        <line num="355" count="60" type="stmt"/>
        <line num="357" count="2" type="cond" truecount="2" falsecount="0"/>
        <line num="358" count="1" type="stmt"/>
        <line num="359" count="1" type="stmt"/>
        <line num="360" count="1" type="stmt"/>
        <line num="367" count="39" type="cond" truecount="2" falsecount="0"/>
        <line num="368" count="17" type="stmt"/>
        <line num="369" count="17" type="stmt"/>
        <line num="374" count="17" type="stmt"/>
        <line num="375" count="1" type="cond" truecount="1" falsecount="1"/>
        <line num="376" count="1" type="stmt"/>
        <line num="377" count="1" type="stmt"/>
        <line num="383" count="10" type="stmt"/>
        <line num="386" count="10" type="stmt"/>
        <line num="389" count="10" type="cond" truecount="1" falsecount="1"/>
        <line num="390" count="10" type="stmt"/>
        <line num="391" count="10" type="stmt"/>
        <line num="393" count="10" type="cond" truecount="2" falsecount="0"/>
        <line num="394" count="3" type="stmt"/>
        <line num="395" count="3" type="stmt"/>
        <line num="399" count="10" type="cond" truecount="1" falsecount="1"/>
        <line num="400" count="10" type="stmt"/>
        <line num="411" count="10" type="cond" truecount="2" falsecount="0"/>
        <line num="412" count="3" type="stmt"/>
        <line num="416" count="10" type="cond" truecount="2" falsecount="0"/>
        <line num="417" count="3" type="stmt"/>
        <line num="419" count="7" type="cond" truecount="1" falsecount="1"/>
        <line num="423" count="10" type="stmt"/>
        <line num="426" count="10" type="stmt"/>
        <line num="430" count="29" type="stmt"/>
        <line num="432" count="29" type="cond" truecount="2" falsecount="0"/>
        <line num="433" count="7" type="stmt"/>
        <line num="434" count="7" type="stmt"/>
        <line num="436" count="29" type="cond" truecount="1" falsecount="1"/>
        <line num="437" count="0" type="stmt"/>
        <line num="438" count="0" type="stmt"/>
        <line num="442" count="29" type="stmt"/>
        <line num="451" count="29" type="stmt"/>
        <line num="452" count="29" type="stmt"/>
        <line num="456" count="1" type="stmt"/>
        <line num="457" count="1" type="stmt"/>
        <line num="458" count="1" type="cond" truecount="1" falsecount="1"/>
        <line num="459" count="1" type="stmt"/>
        <line num="461" count="0" type="stmt"/>
        <line num="464" count="1" type="stmt"/>
        <line num="471" count="30" type="cond" truecount="2" falsecount="0"/>
        <line num="473" count="29" type="cond" truecount="2" falsecount="0"/>
        <line num="477" count="30" type="cond" truecount="2" falsecount="0"/>
        <line num="478" count="70" type="stmt"/>
        <line num="481" count="30" type="cond" truecount="2" falsecount="0"/>
        <line num="485" count="30" type="stmt"/>
        <line num="499" count="30" type="stmt"/>
        <line num="502" count="30" type="stmt"/>
        <line num="503" count="30" type="cond" truecount="2" falsecount="0"/>
        <line num="506" count="30" type="stmt"/>
        <line num="518" count="0" type="stmt"/>
        <line num="527" count="2" type="stmt"/>
        <line num="533" count="20" type="cond" truecount="2" falsecount="0"/>
        <line num="534" count="19" type="stmt"/>
        <line num="536" count="20" type="stmt"/>
        <line num="543" count="19" type="cond" truecount="2" falsecount="0"/>
        <line num="544" count="18" type="stmt"/>
        <line num="545" count="18" type="stmt"/>
      </file>
      <file name="history.ts" path="C:\Users\sinyo\aSpiral\aSpiral\aSpiral\aSpiral\src\lib\breakthrough\history.ts">
        <metrics statements="88" coveredstatements="35" conditionals="33" coveredconditionals="11" methods="27" coveredmethods="6"/>
        <line num="9" count="3" type="stmt"/>
        <line num="11" count="3" type="stmt"/>
        <line num="12" count="3" type="stmt"/>
        <line num="13" count="3" type="stmt"/>
        <line num="23" count="23" type="cond" truecount="1" falsecount="1"/>
        <line num="24" count="0" type="stmt"/>
        <line num="27" count="23" type="stmt"/>
        <line num="28" count="23" type="cond" truecount="1" falsecount="1"/>
        <line num="29" count="23" type="stmt"/>
        <line num="30" count="23" type="stmt"/>
        <line num="32" count="23" type="stmt"/>
        <line num="53" count="24" type="cond" truecount="2" falsecount="0"/>
        <line num="54" count="1" type="stmt"/>
        <line num="61" count="23" type="stmt"/>
        <line num="62" count="23" type="stmt"/>
        <line num="63" count="23" type="cond" truecount="1" falsecount="1"/>
        <line num="64" count="0" type="stmt"/>
        <line num="65" count="0" type="stmt"/>
        <line num="68" count="0" type="stmt"/>
        <line num="71" count="23" type="stmt"/>
        <line num="82" count="35" type="cond" truecount="2" falsecount="0"/>
        <line num="83" count="4" type="stmt"/>
        <line num="86" count="31" type="stmt"/>
        <line num="88" count="31" type="cond" truecount="1" falsecount="1"/>
        <line num="89" count="0" type="stmt"/>
        <line num="92" count="31" type="stmt"/>
        <line num="93" count="31" type="stmt"/>
        <line num="95" count="0" type="stmt"/>
        <line num="103" count="3" type="stmt"/>
        <line num="109" count="152" type="cond" truecount="2" falsecount="0"/>
        <line num="110" count="24" type="stmt"/>
        <line num="112" count="152" type="stmt"/>
        <line num="119" count="0" type="stmt"/>
        <line num="120" count="0" type="stmt"/>
        <line num="138" count="35" type="stmt"/>
        <line num="140" count="35" type="stmt"/>
        <line num="150" count="35" type="stmt"/>
        <line num="151" count="35" type="stmt"/>
        <line num="153" count="35" type="stmt"/>
        <line num="160" count="0" type="stmt"/>
        <line num="161" count="0" type="stmt"/>
        <line num="163" count="0" type="stmt"/>
        <line num="171" count="0" type="stmt"/>
        <line num="172" count="0" type="stmt"/>
        <line num="174" count="0" type="stmt"/>
        <line num="187" count="0" type="stmt"/>
        <line num="188" count="0" type="stmt"/>
        <line num="190" count="0" type="cond" truecount="0" falsecount="2"/>
        <line num="191" count="0" type="stmt"/>
        <line num="199" count="0" type="stmt"/>
        <line num="200" count="0" type="stmt"/>
        <line num="201" count="0" type="stmt"/>
        <line num="203" count="0" type="stmt"/>
        <line num="221" count="0" type="stmt"/>
        <line num="222" count="0" type="stmt"/>
        <line num="224" count="0" type="cond" truecount="0" falsecount="2"/>
        <line num="225" count="0" type="stmt"/>
        <line num="234" count="0" type="stmt"/>
        <line num="235" count="0" type="stmt"/>
        <line num="236" count="0" type="stmt"/>
        <line num="238" count="0" type="stmt"/>
        <line num="246" count="0" type="stmt"/>
        <line num="248" count="0" type="stmt"/>
        <line num="261" count="29" type="cond" truecount="1" falsecount="1"/>
        <line num="262" count="0" type="stmt"/>
        <line num="263" count="0" type="stmt"/>
        <line num="266" count="29" type="stmt"/>
        <line num="267" count="29" type="stmt"/>
        <line num="268" count="29" type="stmt"/>
        <line num="275" count="0" type="stmt"/>
        <line num="276" count="0" type="stmt"/>
        <line num="283" count="0" type="stmt"/>
        <line num="284" count="0" type="stmt"/>
        <line num="286" count="0" type="stmt"/>
        <line num="287" count="0" type="cond" truecount="0" falsecount="2"/>
        <line num="290" count="0" type="stmt"/>
        <line num="291" count="0" type="stmt"/>
        <line num="292" count="0" type="stmt"/>
        <line num="300" count="0" type="stmt"/>
        <line num="301" count="0" type="stmt"/>
        <line num="304" count="0" type="stmt"/>
        <line num="305" count="0" type="stmt"/>
        <line num="309" count="0" type="stmt"/>
        <line num="310" count="0" type="cond" truecount="0" falsecount="2"/>
        <line num="311" count="0" type="cond" truecount="0" falsecount="2"/>
        <line num="315" count="0" type="stmt"/>
        <line num="316" count="0" type="stmt"/>
        <line num="318" count="0" type="stmt"/>
      </file>
      <file name="selector.ts" path="C:\Users\sinyo\aSpiral\aSpiral\aSpiral\aSpiral\src\lib\breakthrough\selector.ts">
        <metrics statements="105" coveredstatements="91" conditionals="74" coveredconditionals="49" methods="25" coveredmethods="25"/>
        <line num="25" count="3" type="stmt"/>
        <line num="32" count="3" type="stmt"/>
        <line num="35" count="3" type="stmt"/>
        <line num="43" count="3" type="stmt"/>
        <line num="61" count="3786" type="stmt"/>
        <line num="62" count="3786" type="cond" truecount="2" falsecount="0"/>
        <line num="65" count="210" type="stmt"/>
        <line num="76" count="12100" type="stmt"/>
        <line num="78" count="3786" type="cond" truecount="2" falsecount="0"/>
        <line num="81" count="232" type="stmt"/>
        <line num="82" count="232" type="stmt"/>
        <line num="85" count="275" type="stmt"/>
        <line num="86" count="232" type="cond" truecount="1" falsecount="1"/>
        <line num="88" count="3786" type="stmt"/>
        <line num="98" count="3786" type="stmt"/>
        <line num="101" count="3786" type="cond" truecount="4" falsecount="0"/>
        <line num="102" count="40" type="stmt"/>
        <line num="106" count="3786" type="cond" truecount="1" falsecount="1"/>
        <line num="108" count="0" type="cond" truecount="0" falsecount="2"/>
        <line num="109" count="0" type="stmt"/>
        <line num="111" count="3786" type="cond" truecount="1" falsecount="1"/>
        <line num="113" count="0" type="cond" truecount="0" falsecount="2"/>
        <line num="114" count="0" type="stmt"/>
        <line num="119" count="3786" type="cond" truecount="1" falsecount="1"/>
        <line num="121" count="0" type="cond" truecount="0" falsecount="2"/>
        <line num="122" count="0" type="stmt"/>
        <line num="127" count="3786" type="stmt"/>
        <line num="128" count="3786" type="cond" truecount="4" falsecount="0"/>
        <line num="129" count="50" type="stmt"/>
        <line num="131" count="3786" type="cond" truecount="2" falsecount="2"/>
        <line num="132" count="0" type="stmt"/>
        <line num="135" count="3786" type="stmt"/>
        <line num="146" count="3786" type="stmt"/>
        <line num="147" count="5720" type="cond" truecount="2" falsecount="0"/>
        <line num="150" count="3786" type="stmt"/>
        <line num="152" count="3786" type="cond" truecount="2" falsecount="0"/>
        <line num="154" count="440" type="cond" truecount="2" falsecount="0"/>
        <line num="155" count="310" type="cond" truecount="2" falsecount="0"/>
        <line num="156" count="140" type="cond" truecount="2" falsecount="0"/>
        <line num="157" count="40" type="cond" truecount="1" falsecount="1"/>
        <line num="160" count="3346" type="stmt"/>
        <line num="163" count="0" type="stmt"/>
        <line num="174" count="3786" type="stmt"/>
        <line num="175" count="3786" type="stmt"/>
        <line num="176" count="3786" type="stmt"/>
        <line num="177" count="3786" type="stmt"/>
        <line num="181" count="3786" type="stmt"/>
        <line num="186" count="3786" type="stmt"/>
        <line num="197" count="94" type="stmt"/>
        <line num="200" count="94" type="cond" truecount="1" falsecount="1"/>
        <line num="201" count="0" type="stmt"/>
        <line num="205" count="94" type="cond" truecount="2" falsecount="0"/>
        <line num="206" count="10" type="stmt"/>
        <line num="207" count="440" type="cond" truecount="2" falsecount="0"/>
        <line num="210" count="10" type="cond" truecount="1" falsecount="1"/>
        <line num="211" count="0" type="stmt"/>
        <line num="215" count="94" type="stmt"/>
        <line num="225" count="94" type="stmt"/>
        <line num="226" count="94" type="stmt"/>
        <line num="228" count="94" type="cond" truecount="1" falsecount="1"/>
        <line num="229" count="0" type="stmt"/>
        <line num="230" count="0" type="cond" truecount="0" falsecount="2"/>
        <line num="231" count="0" type="stmt"/>
        <line num="238" count="94" type="stmt"/>
        <line num="239" count="94" type="stmt"/>
        <line num="240" count="3786" type="stmt"/>
        <line num="241" count="3786" type="stmt"/>
        <line num="245" count="94" type="stmt"/>
        <line num="246" count="10696" type="cond" truecount="2" falsecount="2"/>
        <line num="250" count="94" type="stmt"/>
        <line num="251" count="94" type="stmt"/>
        <line num="254" count="282" type="cond" truecount="1" falsecount="1"/>
        <line num="255" count="94" type="stmt"/>
        <line num="257" count="94" type="stmt"/>
        <line num="258" count="94" type="stmt"/>
        <line num="259" count="194" type="cond" truecount="1" falsecount="1"/>
        <line num="260" count="194" type="cond" truecount="2" falsecount="0"/>
        <line num="261" count="94" type="stmt"/>
        <line num="262" count="94" type="stmt"/>
        <line num="267" count="94" type="stmt"/>
        <line num="268" count="94" type="stmt"/>
        <line num="270" count="94" type="stmt"/>
        <line num="277" count="94" type="stmt"/>
        <line num="287" count="7" type="stmt"/>
        <line num="290" count="28" type="stmt"/>
        <line num="291" count="7" type="cond" truecount="1" falsecount="1"/>
        <line num="292" count="7" type="stmt"/>
        <line num="296" count="0" type="cond" truecount="0" falsecount="2"/>
        <line num="297" count="7" type="stmt"/>
        <line num="304" count="2" type="stmt"/>
        <line num="319" count="2" type="stmt"/>
        <line num="331" count="23" type="stmt"/>
        <line num="334" count="23" type="stmt"/>
        <line num="335" count="23" type="stmt"/>
        <line num="336" count="23" type="stmt"/>
        <line num="338" count="10" type="stmt"/>
        <line num="341" count="23" type="stmt"/>
        <line num="342" count="6" type="stmt"/>
        <line num="343" count="4" type="stmt"/>
        <line num="345" count="23" type="cond" truecount="2" falsecount="0"/>
        <line num="346" count="4" type="stmt"/>
        <line num="350" count="23" type="stmt"/>
        <line num="351" count="23" type="stmt"/>
        <line num="353" count="23" type="stmt"/>
        <line num="354" count="6" type="stmt"/>
      </file>
      <file name="types.ts" path="C:\Users\sinyo\aSpiral\aSpiral\aSpiral\aSpiral\src\lib\breakthrough\types.ts">
        <metrics statements="12" coveredstatements="10" conditionals="24" coveredconditionals="14" methods="2" coveredmethods="1"/>
        <line num="333" count="2" type="stmt"/>
        <line num="337" count="14" type="cond" truecount="1" falsecount="1"/>
        <line num="338" count="14" type="stmt"/>
        <line num="339" count="14" type="cond" truecount="3" falsecount="1"/>
        <line num="340" count="14" type="cond" truecount="3" falsecount="1"/>
        <line num="344" count="14" type="cond" truecount="1" falsecount="1"/>
        <line num="345" count="14" type="stmt"/>
        <line num="346" count="14" type="cond" truecount="3" falsecount="1"/>
        <line num="347" count="14" type="cond" truecount="3" falsecount="1"/>
        <line num="351" count="14" type="stmt"/>
        <line num="355" count="0" type="cond" truecount="0" falsecount="2"/>
        <line num="356" count="0" type="cond" truecount="0" falsecount="2"/>
      </file>
    </package>
    <package name="lib.i18n.locales">
      <metrics statements="0" coveredstatements="0" conditionals="0" coveredconditionals="0" methods="0" coveredmethods="0"/>
      <file name="de.json" path="C:\Users\sinyo\aSpiral\aSpiral\aSpiral\aSpiral\src\lib\i18n\locales\de.json">
        <metrics statements="0" coveredstatements="0" conditionals="0" coveredconditionals="0" methods="0" coveredmethods="0"/>
      </file>
      <file name="en.json" path="C:\Users\sinyo\aSpiral\aSpiral\aSpiral\aSpiral\src\lib\i18n\locales\en.json">
        <metrics statements="0" coveredstatements="0" conditionals="0" coveredconditionals="0" methods="0" coveredmethods="0"/>
      </file>
      <file name="es.json" path="C:\Users\sinyo\aSpiral\aSpiral\aSpiral\aSpiral\src\lib\i18n\locales\es.json">
        <metrics statements="0" coveredstatements="0" conditionals="0" coveredconditionals="0" methods="0" coveredmethods="0"/>
      </file>
      <file name="fr.json" path="C:\Users\sinyo\aSpiral\aSpiral\aSpiral\aSpiral\src\lib\i18n\locales\fr.json">
        <metrics statements="0" coveredstatements="0" conditionals="0" coveredconditionals="0" methods="0" coveredmethods="0"/>
      </file>
      <file name="ja.json" path="C:\Users\sinyo\aSpiral\aSpiral\aSpiral\aSpiral\src\lib\i18n\locales\ja.json">
        <metrics statements="0" coveredstatements="0" conditionals="0" coveredconditionals="0" methods="0" coveredmethods="0"/>
      </file>
    </package>
    <package name="lib.three">
      <metrics statements="30" coveredstatements="29" conditionals="24" coveredconditionals="21" methods="3" coveredmethods="3"/>
      <file name="cssHsl.ts" path="C:\Users\sinyo\aSpiral\aSpiral\aSpiral\aSpiral\src\lib\three\cssHsl.ts">
        <metrics statements="30" coveredstatements="29" conditionals="24" coveredconditionals="21" methods="3" coveredmethods="3"/>
        <line num="18" count="1" type="stmt"/>
        <line num="31" count="17" type="cond" truecount="4" falsecount="0"/>
        <line num="32" count="4" type="stmt"/>
        <line num="35" count="13" type="stmt"/>
        <line num="36" count="13" type="cond" truecount="2" falsecount="0"/>
        <line num="37" count="4" type="stmt"/>
        <line num="40" count="9" type="stmt"/>
        <line num="41" count="9" type="stmt"/>
        <line num="42" count="9" type="stmt"/>
        <line num="45" count="9" type="cond" truecount="6" falsecount="0"/>
        <line num="50" count="17" type="cond" truecount="2" falsecount="0"/>
        <line num="51" count="3" type="stmt"/>
        <line num="54" count="6" type="stmt"/>
        <line num="69" count="6" type="stmt"/>
        <line num="71" count="6" type="stmt"/>
        <line num="72" count="6" type="stmt"/>
        <line num="73" count="6" type="stmt"/>
        <line num="74" count="6" type="stmt"/>
        <line num="76" count="6" type="stmt"/>
        <line num="77" count="6" type="stmt"/>
        <line num="78" count="6" type="stmt"/>
        <line num="80" count="6" type="cond" truecount="2" falsecount="0"/>
        <line num="81" count="3" type="cond" truecount="1" falsecount="1"/>
        <line num="82" count="3" type="cond" truecount="2" falsecount="0"/>
        <line num="83" count="2" type="cond" truecount="1" falsecount="1"/>
        <line num="84" count="2" type="cond" truecount="1" falsecount="1"/>
        <line num="85" count="0" type="stmt"/>
        <line num="87" count="6" type="stmt"/>
        <line num="88" count="18" type="stmt"/>
        <line num="90" count="6" type="stmt"/>
      </file>
    </package>
  </project>
</coverage>
