{"C:\\Users\\sinyo\\aSpiral\\aSpiral\\aSpiral\\aSpiral\\src\\lib\\analytics.ts": {"path":"C:\\Users\\sinyo\\aSpiral\\aSpiral\\aSpiral\\aSpiral\\src\\lib\\analytics.ts","statementMap":{"0":{"start":{"line":9,"column":20},"end":{"line":9,"column":null}},"1":{"start":{"line":10,"column":21},"end":{"line":10,"column":null}},"2":{"start":{"line":12,"column":20},"end":{"line":12,"column":null}},"3":{"start":{"line":15,"column":30},"end":{"line":15,"column":null}},"4":{"start":{"line":21,"column":2},"end":{"line":25,"column":null}},"5":{"start":{"line":22,"column":4},"end":{"line":22,"column":null}},"6":{"start":{"line":24,"column":4},"end":{"line":24,"column":17}},"7":{"start":{"line":33,"column":2},"end":{"line":47,"column":null}},"8":{"start":{"line":34,"column":4},"end":{"line":34,"column":null}},"9":{"start":{"line":36,"column":4},"end":{"line":44,"column":null}},"10":{"start":{"line":37,"column":6},"end":{"line":43,"column":null}},"11":{"start":{"line":38,"column":8},"end":{"line":38,"column":null}},"12":{"start":{"line":39,"column":8},"end":{"line":39,"column":null}},"13":{"start":{"line":41,"column":8},"end":{"line":41,"column":null}},"14":{"start":{"line":42,"column":8},"end":{"line":42,"column":null}},"15":{"start":{"line":46,"column":4},"end":{"line":46,"column":null}},"16":{"start":{"line":56,"column":2},"end":{"line":58,"column":null}},"17":{"start":{"line":57,"column":4},"end":{"line":57,"column":null}},"18":{"start":{"line":61,"column":23},"end":{"line":61,"column":null}},"19":{"start":{"line":63,"column":2},"end":{"line":87,"column":null}},"20":{"start":{"line":64,"column":4},"end":{"line":76,"column":null}},"21":{"start":{"line":78,"column":4},"end":{"line":78,"column":null}},"22":{"start":{"line":80,"column":4},"end":{"line":84,"column":null}},"23":{"start":{"line":81,"column":6},"end":{"line":81,"column":null}},"24":{"start":{"line":83,"column":6},"end":{"line":83,"column":null}},"25":{"start":{"line":86,"column":4},"end":{"line":86,"column":null}},"26":{"start":{"line":116,"column":2},"end":{"line":116,"column":null}},"27":{"start":{"line":116,"column":22},"end":{"line":116,"column":null}},"28":{"start":{"line":118,"column":2},"end":{"line":130,"column":null}},"29":{"start":{"line":119,"column":4},"end":{"line":123,"column":null}},"30":{"start":{"line":125,"column":4},"end":{"line":127,"column":null}},"31":{"start":{"line":126,"column":6},"end":{"line":126,"column":null}},"32":{"start":{"line":129,"column":4},"end":{"line":129,"column":null}},"33":{"start":{"line":137,"column":2},"end":{"line":137,"column":null}},"34":{"start":{"line":137,"column":22},"end":{"line":137,"column":null}},"35":{"start":{"line":139,"column":2},"end":{"line":150,"column":null}},"36":{"start":{"line":140,"column":4},"end":{"line":143,"column":null}},"37":{"start":{"line":145,"column":4},"end":{"line":147,"column":null}},"38":{"start":{"line":146,"column":6},"end":{"line":146,"column":null}},"39":{"start":{"line":149,"column":4},"end":{"line":149,"column":null}},"40":{"start":{"line":172,"column":2},"end":{"line":172,"column":null}},"41":{"start":{"line":172,"column":22},"end":{"line":172,"column":null}},"42":{"start":{"line":174,"column":2},"end":{"line":189,"column":null}},"43":{"start":{"line":175,"column":4},"end":{"line":182,"column":null}},"44":{"start":{"line":184,"column":4},"end":{"line":186,"column":null}},"45":{"start":{"line":185,"column":6},"end":{"line":185,"column":null}},"46":{"start":{"line":188,"column":4},"end":{"line":188,"column":null}},"47":{"start":{"line":208,"column":2},"end":{"line":208,"column":null}},"48":{"start":{"line":208,"column":22},"end":{"line":208,"column":null}},"49":{"start":{"line":210,"column":2},"end":{"line":221,"column":null}},"50":{"start":{"line":211,"column":4},"end":{"line":214,"column":null}},"51":{"start":{"line":216,"column":4},"end":{"line":218,"column":null}},"52":{"start":{"line":217,"column":6},"end":{"line":217,"column":null}},"53":{"start":{"line":220,"column":4},"end":{"line":220,"column":null}},"54":{"start":{"line":254,"column":2},"end":{"line":254,"column":null}},"55":{"start":{"line":254,"column":22},"end":{"line":254,"column":null}},"56":{"start":{"line":256,"column":2},"end":{"line":268,"column":null}},"57":{"start":{"line":257,"column":4},"end":{"line":261,"column":null}},"58":{"start":{"line":263,"column":4},"end":{"line":265,"column":null}},"59":{"start":{"line":264,"column":6},"end":{"line":264,"column":null}},"60":{"start":{"line":267,"column":4},"end":{"line":267,"column":null}},"61":{"start":{"line":275,"column":38},"end":{"line":275,"column":null}},"62":{"start":{"line":281,"column":2},"end":{"line":281,"column":null}},"63":{"start":{"line":288,"column":2},"end":{"line":288,"column":null}},"64":{"start":{"line":288,"column":25},"end":{"line":288,"column":null}},"65":{"start":{"line":289,"column":2},"end":{"line":289,"column":null}},"66":{"start":{"line":296,"column":2},"end":{"line":296,"column":null}},"67":{"start":{"line":296,"column":22},"end":{"line":296,"column":null}},"68":{"start":{"line":298,"column":2},"end":{"line":310,"column":null}},"69":{"start":{"line":299,"column":4},"end":{"line":303,"column":null}},"70":{"start":{"line":305,"column":4},"end":{"line":307,"column":null}},"71":{"start":{"line":306,"column":6},"end":{"line":306,"column":null}},"72":{"start":{"line":309,"column":4},"end":{"line":309,"column":null}},"73":{"start":{"line":355,"column":2},"end":{"line":355,"column":null}},"74":{"start":{"line":355,"column":22},"end":{"line":355,"column":null}},"75":{"start":{"line":357,"column":2},"end":{"line":379,"column":null}},"76":{"start":{"line":358,"column":22},"end":{"line":358,"column":42}},"77":{"start":{"line":359,"column":22},"end":{"line":363,"column":null}},"78":{"start":{"line":365,"column":4},"end":{"line":365,"column":null}},"79":{"start":{"line":368,"column":4},"end":{"line":372,"column":null}},"80":{"start":{"line":369,"column":6},"end":{"line":369,"column":null}},"81":{"start":{"line":370,"column":11},"end":{"line":372,"column":null}},"82":{"start":{"line":371,"column":6},"end":{"line":371,"column":null}},"83":{"start":{"line":374,"column":4},"end":{"line":376,"column":null}},"84":{"start":{"line":375,"column":6},"end":{"line":375,"column":null}},"85":{"start":{"line":378,"column":4},"end":{"line":378,"column":null}},"86":{"start":{"line":386,"column":2},"end":{"line":386,"column":null}},"87":{"start":{"line":386,"column":22},"end":{"line":386,"column":null}},"88":{"start":{"line":388,"column":2},"end":{"line":403,"column":null}},"89":{"start":{"line":389,"column":4},"end":{"line":392,"column":null}},"90":{"start":{"line":394,"column":4},"end":{"line":396,"column":null}},"91":{"start":{"line":395,"column":6},"end":{"line":395,"column":null}},"92":{"start":{"line":398,"column":4},"end":{"line":400,"column":null}},"93":{"start":{"line":399,"column":6},"end":{"line":399,"column":null}},"94":{"start":{"line":402,"column":4},"end":{"line":402,"column":null}},"95":{"start":{"line":432,"column":2},"end":{"line":432,"column":null}},"96":{"start":{"line":432,"column":22},"end":{"line":432,"column":null}},"97":{"start":{"line":434,"column":2},"end":{"line":456,"column":null}},"98":{"start":{"line":436,"column":29},"end":{"line":439,"column":null}},"99":{"start":{"line":441,"column":4},"end":{"line":446,"column":null}},"100":{"start":{"line":448,"column":4},"end":{"line":453,"column":null}},"101":{"start":{"line":455,"column":4},"end":{"line":455,"column":null}},"102":{"start":{"line":472,"column":2},"end":{"line":472,"column":null}},"103":{"start":{"line":472,"column":22},"end":{"line":472,"column":null}},"104":{"start":{"line":474,"column":2},"end":{"line":485,"column":null}},"105":{"start":{"line":475,"column":4},"end":{"line":478,"column":null}},"106":{"start":{"line":480,"column":4},"end":{"line":482,"column":null}},"107":{"start":{"line":481,"column":6},"end":{"line":481,"column":null}},"108":{"start":{"line":484,"column":4},"end":{"line":484,"column":null}},"109":{"start":{"line":496,"column":13},"end":{"line":496,"column":32}},"110":{"start":{"line":498,"column":2},"end":{"line":500,"column":null}},"111":{"start":{"line":499,"column":4},"end":{"line":499,"column":null}},"112":{"start":{"line":502,"column":2},"end":{"line":504,"column":null}},"113":{"start":{"line":503,"column":4},"end":{"line":503,"column":null}},"114":{"start":{"line":506,"column":2},"end":{"line":506,"column":null}},"115":{"start":{"line":513,"column":2},"end":{"line":521,"column":null}},"116":{"start":{"line":515,"column":4},"end":{"line":518,"column":null}},"117":{"start":{"line":517,"column":6},"end":{"line":517,"column":null}},"118":{"start":{"line":522,"column":2},"end":{"line":522,"column":null}},"119":{"start":{"line":529,"column":25},"end":{"line":594,"column":null}},"120":{"start":{"line":566,"column":4},"end":{"line":566,"column":null}},"121":{"start":{"line":566,"column":24},"end":{"line":566,"column":null}},"122":{"start":{"line":567,"column":4},"end":{"line":567,"column":null}},"123":{"start":{"line":569,"column":4},"end":{"line":571,"column":null}},"124":{"start":{"line":570,"column":6},"end":{"line":570,"column":null}},"125":{"start":{"line":578,"column":4},"end":{"line":578,"column":null}},"126":{"start":{"line":578,"column":24},"end":{"line":578,"column":null}},"127":{"start":{"line":579,"column":4},"end":{"line":579,"column":null}},"128":{"start":{"line":580,"column":4},"end":{"line":580,"column":null}},"129":{"start":{"line":582,"column":4},"end":{"line":584,"column":null}},"130":{"start":{"line":583,"column":6},"end":{"line":583,"column":null}},"131":{"start":{"line":591,"column":4},"end":{"line":591,"column":null}},"132":{"start":{"line":591,"column":24},"end":{"line":591,"column":null}},"133":{"start":{"line":592,"column":4},"end":{"line":592,"column":null}},"134":{"start":{"line":597,"column":0},"end":{"line":597,"column":null}}},"fnMap":{"0":{"name":"isAnalyticsEnabled","decl":{"start":{"line":20,"column":16},"end":{"line":20,"column":null}},"loc":{"start":{"line":20,"column":16},"end":{"line":26,"column":null}},"line":20},"1":{"name":"setAnalyticsEnabled","decl":{"start":{"line":32,"column":16},"end":{"line":32,"column":36}},"loc":{"start":{"line":32,"column":52},"end":{"line":48,"column":null}},"line":32},"2":{"name":"initAnalytics","decl":{"start":{"line":55,"column":16},"end":{"line":55,"column":null}},"loc":{"start":{"line":55,"column":16},"end":{"line":88,"column":null}},"line":55},"3":{"name":"trackSessionStart","decl":{"start":{"line":115,"column":16},"end":{"line":115,"column":34}},"loc":{"start":{"line":115,"column":56},"end":{"line":131,"column":null}},"line":115},"4":{"name":"trackSessionEnd","decl":{"start":{"line":136,"column":16},"end":{"line":136,"column":32}},"loc":{"start":{"line":136,"column":52},"end":{"line":151,"column":null}},"line":136},"5":{"name":"trackBreakthrough","decl":{"start":{"line":171,"column":16},"end":{"line":171,"column":34}},"loc":{"start":{"line":171,"column":56},"end":{"line":190,"column":null}},"line":171},"6":{"name":"trackEntityCreated","decl":{"start":{"line":207,"column":16},"end":{"line":207,"column":35}},"loc":{"start":{"line":207,"column":58},"end":{"line":222,"column":null}},"line":207},"7":{"name":"trackFeatureUsed","decl":{"start":{"line":253,"column":16},"end":{"line":253,"column":33}},"loc":{"start":{"line":253,"column":55},"end":{"line":269,"column":null}},"line":253},"8":{"name":"startDurationTracking","decl":{"start":{"line":280,"column":16},"end":{"line":280,"column":null}},"loc":{"start":{"line":280,"column":16},"end":{"line":282,"column":null}},"line":280},"9":{"name":"getSessionDuration","decl":{"start":{"line":287,"column":16},"end":{"line":287,"column":null}},"loc":{"start":{"line":287,"column":16},"end":{"line":290,"column":null}},"line":287},"10":{"name":"trackDurationMilestone","decl":{"start":{"line":295,"column":16},"end":{"line":295,"column":39}},"loc":{"start":{"line":295,"column":75},"end":{"line":311,"column":null}},"line":295},"11":{"name":"trackCinematic","decl":{"start":{"line":345,"column":16},"end":{"line":345,"column":null}},"loc":{"start":{"line":353,"column":3},"end":{"line":380,"column":null}},"line":353},"12":{"name":"trackPerformance","decl":{"start":{"line":385,"column":16},"end":{"line":385,"column":33}},"loc":{"start":{"line":385,"column":69},"end":{"line":404,"column":null}},"line":385},"13":{"name":"trackCinematicError","decl":{"start":{"line":431,"column":16},"end":{"line":431,"column":36}},"loc":{"start":{"line":431,"column":60},"end":{"line":457,"column":null}},"line":431},"14":{"name":"trackFatalUiError","decl":{"start":{"line":471,"column":16},"end":{"line":471,"column":34}},"loc":{"start":{"line":471,"column":56},"end":{"line":486,"column":null}},"line":471},"15":{"name":"getDeviceType","decl":{"start":{"line":495,"column":16},"end":{"line":495,"column":null}},"loc":{"start":{"line":495,"column":16},"end":{"line":507,"column":null}},"line":495},"16":{"name":"getMemoryUsage","decl":{"start":{"line":512,"column":16},"end":{"line":512,"column":null}},"loc":{"start":{"line":512,"column":16},"end":{"line":523,"column":null}},"line":512},"17":{"name":"(anonymous_17)","decl":{"start":{"line":565,"column":12},"end":{"line":565,"column":13}},"loc":{"start":{"line":565,"column":29},"end":{"line":572,"column":null}},"line":565},"18":{"name":"(anonymous_18)","decl":{"start":{"line":577,"column":9},"end":{"line":577,"column":null}},"loc":{"start":{"line":577,"column":9},"end":{"line":585,"column":null}},"line":577},"19":{"name":"(anonymous_19)","decl":{"start":{"line":590,"column":21},"end":{"line":590,"column":22}},"loc":{"start":{"line":590,"column":22},"end":{"line":593,"column":null}},"line":590}},"branchMap":{"0":{"loc":{"start":{"line":9,"column":20},"end":{"line":9,"column":null}},"type":"binary-expr","locations":[{"start":{"line":9,"column":20},"end":{"line":9,"column":52}},{"start":{"line":9,"column":56},"end":{"line":9,"column":null}}],"line":9},"1":{"loc":{"start":{"line":10,"column":21},"end":{"line":10,"column":null}},"type":"binary-expr","locations":[{"start":{"line":10,"column":21},"end":{"line":10,"column":54}},{"start":{"line":10,"column":58},"end":{"line":10,"column":null}}],"line":10},"2":{"loc":{"start":{"line":34,"column":48},"end":{"line":34,"column":null}},"type":"cond-expr","locations":[{"start":{"line":34,"column":58},"end":{"line":34,"column":67}},{"start":{"line":34,"column":67},"end":{"line":34,"column":null}}],"line":34},"3":{"loc":{"start":{"line":36,"column":4},"end":{"line":44,"column":null}},"type":"if","locations":[{"start":{"line":36,"column":4},"end":{"line":44,"column":null}},{"start":{},"end":{}}],"line":36},"4":{"loc":{"start":{"line":37,"column":6},"end":{"line":43,"column":null}},"type":"if","locations":[{"start":{"line":37,"column":6},"end":{"line":43,"column":null}},{"start":{"line":40,"column":13},"end":{"line":43,"column":null}}],"line":37},"5":{"loc":{"start":{"line":56,"column":2},"end":{"line":58,"column":null}},"type":"if","locations":[{"start":{"line":56,"column":2},"end":{"line":58,"column":null}},{"start":{},"end":{}}],"line":56},"6":{"loc":{"start":{"line":56,"column":6},"end":{"line":56,"column":37}},"type":"binary-expr","locations":[{"start":{"line":56,"column":6},"end":{"line":56,"column":23}},{"start":{"line":56,"column":23},"end":{"line":56,"column":37}}],"line":56},"7":{"loc":{"start":{"line":80,"column":4},"end":{"line":84,"column":null}},"type":"if","locations":[{"start":{"line":80,"column":4},"end":{"line":84,"column":null}},{"start":{"line":82,"column":11},"end":{"line":84,"column":null}}],"line":80},"8":{"loc":{"start":{"line":116,"column":2},"end":{"line":116,"column":null}},"type":"if","locations":[{"start":{"line":116,"column":2},"end":{"line":116,"column":null}},{"start":{},"end":{}}],"line":116},"9":{"loc":{"start":{"line":125,"column":4},"end":{"line":127,"column":null}},"type":"if","locations":[{"start":{"line":125,"column":4},"end":{"line":127,"column":null}},{"start":{},"end":{}}],"line":125},"10":{"loc":{"start":{"line":137,"column":2},"end":{"line":137,"column":null}},"type":"if","locations":[{"start":{"line":137,"column":2},"end":{"line":137,"column":null}},{"start":{},"end":{}}],"line":137},"11":{"loc":{"start":{"line":145,"column":4},"end":{"line":147,"column":null}},"type":"if","locations":[{"start":{"line":145,"column":4},"end":{"line":147,"column":null}},{"start":{},"end":{}}],"line":145},"12":{"loc":{"start":{"line":172,"column":2},"end":{"line":172,"column":null}},"type":"if","locations":[{"start":{"line":172,"column":2},"end":{"line":172,"column":null}},{"start":{},"end":{}}],"line":172},"13":{"loc":{"start":{"line":184,"column":4},"end":{"line":186,"column":null}},"type":"if","locations":[{"start":{"line":184,"column":4},"end":{"line":186,"column":null}},{"start":{},"end":{}}],"line":184},"14":{"loc":{"start":{"line":208,"column":2},"end":{"line":208,"column":null}},"type":"if","locations":[{"start":{"line":208,"column":2},"end":{"line":208,"column":null}},{"start":{},"end":{}}],"line":208},"15":{"loc":{"start":{"line":216,"column":4},"end":{"line":218,"column":null}},"type":"if","locations":[{"start":{"line":216,"column":4},"end":{"line":218,"column":null}},{"start":{},"end":{}}],"line":216},"16":{"loc":{"start":{"line":254,"column":2},"end":{"line":254,"column":null}},"type":"if","locations":[{"start":{"line":254,"column":2},"end":{"line":254,"column":null}},{"start":{},"end":{}}],"line":254},"17":{"loc":{"start":{"line":263,"column":4},"end":{"line":265,"column":null}},"type":"if","locations":[{"start":{"line":263,"column":4},"end":{"line":265,"column":null}},{"start":{},"end":{}}],"line":263},"18":{"loc":{"start":{"line":288,"column":2},"end":{"line":288,"column":null}},"type":"if","locations":[{"start":{"line":288,"column":2},"end":{"line":288,"column":null}},{"start":{},"end":{}}],"line":288},"19":{"loc":{"start":{"line":296,"column":2},"end":{"line":296,"column":null}},"type":"if","locations":[{"start":{"line":296,"column":2},"end":{"line":296,"column":null}},{"start":{},"end":{}}],"line":296},"20":{"loc":{"start":{"line":305,"column":4},"end":{"line":307,"column":null}},"type":"if","locations":[{"start":{"line":305,"column":4},"end":{"line":307,"column":null}},{"start":{},"end":{}}],"line":305},"21":{"loc":{"start":{"line":355,"column":2},"end":{"line":355,"column":null}},"type":"if","locations":[{"start":{"line":355,"column":2},"end":{"line":355,"column":null}},{"start":{},"end":{}}],"line":355},"22":{"loc":{"start":{"line":368,"column":4},"end":{"line":372,"column":null}},"type":"if","locations":[{"start":{"line":368,"column":4},"end":{"line":372,"column":null}},{"start":{"line":370,"column":11},"end":{"line":372,"column":null}}],"line":368},"23":{"loc":{"start":{"line":370,"column":11},"end":{"line":372,"column":null}},"type":"if","locations":[{"start":{"line":370,"column":11},"end":{"line":372,"column":null}},{"start":{},"end":{}}],"line":370},"24":{"loc":{"start":{"line":374,"column":4},"end":{"line":376,"column":null}},"type":"if","locations":[{"start":{"line":374,"column":4},"end":{"line":376,"column":null}},{"start":{},"end":{}}],"line":374},"25":{"loc":{"start":{"line":386,"column":2},"end":{"line":386,"column":null}},"type":"if","locations":[{"start":{"line":386,"column":2},"end":{"line":386,"column":null}},{"start":{},"end":{}}],"line":386},"26":{"loc":{"start":{"line":394,"column":4},"end":{"line":396,"column":null}},"type":"if","locations":[{"start":{"line":394,"column":4},"end":{"line":396,"column":null}},{"start":{},"end":{}}],"line":394},"27":{"loc":{"start":{"line":398,"column":4},"end":{"line":400,"column":null}},"type":"if","locations":[{"start":{"line":398,"column":4},"end":{"line":400,"column":null}},{"start":{},"end":{}}],"line":398},"28":{"loc":{"start":{"line":432,"column":2},"end":{"line":432,"column":null}},"type":"if","locations":[{"start":{"line":432,"column":2},"end":{"line":432,"column":null}},{"start":{},"end":{}}],"line":432},"29":{"loc":{"start":{"line":444,"column":19},"end":{"line":444,"column":58}},"type":"binary-expr","locations":[{"start":{"line":444,"column":19},"end":{"line":444,"column":35}},{"start":{"line":444,"column":39},"end":{"line":444,"column":58}}],"line":444},"30":{"loc":{"start":{"line":472,"column":2},"end":{"line":472,"column":null}},"type":"if","locations":[{"start":{"line":472,"column":2},"end":{"line":472,"column":null}},{"start":{},"end":{}}],"line":472},"31":{"loc":{"start":{"line":480,"column":4},"end":{"line":482,"column":null}},"type":"if","locations":[{"start":{"line":480,"column":4},"end":{"line":482,"column":null}},{"start":{},"end":{}}],"line":480},"32":{"loc":{"start":{"line":498,"column":2},"end":{"line":500,"column":null}},"type":"if","locations":[{"start":{"line":498,"column":2},"end":{"line":500,"column":null}},{"start":{},"end":{}}],"line":498},"33":{"loc":{"start":{"line":502,"column":2},"end":{"line":504,"column":null}},"type":"if","locations":[{"start":{"line":502,"column":2},"end":{"line":504,"column":null}},{"start":{},"end":{}}],"line":502},"34":{"loc":{"start":{"line":515,"column":4},"end":{"line":518,"column":null}},"type":"if","locations":[{"start":{"line":515,"column":4},"end":{"line":518,"column":null}},{"start":{},"end":{}}],"line":515},"35":{"loc":{"start":{"line":566,"column":4},"end":{"line":566,"column":null}},"type":"if","locations":[{"start":{"line":566,"column":4},"end":{"line":566,"column":null}},{"start":{},"end":{}}],"line":566},"36":{"loc":{"start":{"line":569,"column":4},"end":{"line":571,"column":null}},"type":"if","locations":[{"start":{"line":569,"column":4},"end":{"line":571,"column":null}},{"start":{},"end":{}}],"line":569},"37":{"loc":{"start":{"line":578,"column":4},"end":{"line":578,"column":null}},"type":"if","locations":[{"start":{"line":578,"column":4},"end":{"line":578,"column":null}},{"start":{},"end":{}}],"line":578},"38":{"loc":{"start":{"line":582,"column":4},"end":{"line":584,"column":null}},"type":"if","locations":[{"start":{"line":582,"column":4},"end":{"line":584,"column":null}},{"start":{},"end":{}}],"line":582},"39":{"loc":{"start":{"line":591,"column":4},"end":{"line":591,"column":null}},"type":"if","locations":[{"start":{"line":591,"column":4},"end":{"line":591,"column":null}},{"start":{},"end":{}}],"line":591}},"s":{"0":2,"1":2,"2":2,"3":2,"4":10,"5":10,"6":1,"7":6,"8":6,"9":6,"10":0,"11":0,"12":0,"13":0,"14":0,"15":0,"16":10,"17":10,"18":0,"19":0,"20":0,"21":0,"22":0,"23":0,"24":0,"25":0,"26":0,"27":0,"28":0,"29":0,"30":0,"31":0,"32":0,"33":0,"34":0,"35":0,"36":0,"37":0,"38":0,"39":0,"40":0,"41":0,"42":0,"43":0,"44":0,"45":0,"46":0,"47":0,"48":0,"49":0,"50":0,"51":0,"52":0,"53":0,"54":0,"55":0,"56":0,"57":0,"58":0,"59":0,"60":0,"61":2,"62":0,"63":0,"64":0,"65":0,"66":0,"67":0,"68":0,"69":0,"70":0,"71":0,"72":0,"73":8,"74":8,"75":8,"76":8,"77":8,"78":8,"79":8,"80":0,"81":8,"82":0,"83":8,"84":8,"85":0,"86":0,"87":0,"88":0,"89":0,"90":0,"91":0,"92":0,"93":0,"94":0,"95":0,"96":0,"97":0,"98":0,"99":0,"100":0,"101":0,"102":0,"103":0,"104":0,"105":0,"106":0,"107":0,"108":0,"109":0,"110":0,"111":0,"112":0,"113":0,"114":0,"115":0,"116":0,"117":0,"118":0,"119":2,"120":0,"121":0,"122":0,"123":0,"124":0,"125":0,"126":0,"127":0,"128":0,"129":0,"130":0,"131":0,"132":0,"133":0,"134":2},"f":{"0":10,"1":6,"2":10,"3":0,"4":0,"5":0,"6":0,"7":0,"8":0,"9":0,"10":0,"11":8,"12":0,"13":0,"14":0,"15":0,"16":0,"17":0,"18":0,"19":0},"b":{"0":[2,2],"1":[2,2],"2":[2,4],"3":[0,6],"4":[0,0],"5":[10,0],"6":[10,10],"7":[0,0],"8":[0,0],"9":[0,0],"10":[0,0],"11":[0,0],"12":[0,0],"13":[0,0],"14":[0,0],"15":[0,0],"16":[0,0],"17":[0,0],"18":[0,0],"19":[0,0],"20":[0,0],"21":[8,0],"22":[0,8],"23":[0,8],"24":[8,0],"25":[0,0],"26":[0,0],"27":[0,0],"28":[0,0],"29":[0,0],"30":[0,0],"31":[0,0],"32":[0,0],"33":[0,0],"34":[0,0],"35":[0,0],"36":[0,0],"37":[0,0],"38":[0,0],"39":[0,0]},"meta":{"lastBranch":40,"lastFunction":20,"lastStatement":135,"seen":{"s:9:20:9:Infinity":0,"b:9:20:9:52:9:56:9:Infinity":0,"s:10:21:10:Infinity":1,"b:10:21:10:54:10:58:10:Infinity":1,"s:12:20:12:Infinity":2,"s:15:30:15:Infinity":3,"f:20:16:20:Infinity":0,"s:21:2:25:Infinity":4,"s:22:4:22:Infinity":5,"s:24:4:24:17":6,"f:32:16:32:36":1,"s:33:2:47:Infinity":7,"s:34:4:34:Infinity":8,"b:34:58:34:67:34:67:34:Infinity":2,"b:36:4:44:Infinity:undefined:undefined:undefined:undefined":3,"s:36:4:44:Infinity":9,"b:37:6:43:Infinity:40:13:43:Infinity":4,"s:37:6:43:Infinity":10,"s:38:8:38:Infinity":11,"s:39:8:39:Infinity":12,"s:41:8:41:Infinity":13,"s:42:8:42:Infinity":14,"s:46:4:46:Infinity":15,"f:55:16:55:Infinity":2,"b:56:2:58:Infinity:undefined:undefined:undefined:undefined":5,"s:56:2:58:Infinity":16,"b:56:6:56:23:56:23:56:37":6,"s:57:4:57:Infinity":17,"s:61:23:61:Infinity":18,"s:63:2:87:Infinity":19,"s:64:4:76:Infinity":20,"s:78:4:78:Infinity":21,"b:80:4:84:Infinity:82:11:84:Infinity":7,"s:80:4:84:Infinity":22,"s:81:6:81:Infinity":23,"s:83:6:83:Infinity":24,"s:86:4:86:Infinity":25,"f:115:16:115:34":3,"b:116:2:116:Infinity:undefined:undefined:undefined:undefined":8,"s:116:2:116:Infinity":26,"s:116:22:116:Infinity":27,"s:118:2:130:Infinity":28,"s:119:4:123:Infinity":29,"b:125:4:127:Infinity:undefined:undefined:undefined:undefined":9,"s:125:4:127:Infinity":30,"s:126:6:126:Infinity":31,"s:129:4:129:Infinity":32,"f:136:16:136:32":4,"b:137:2:137:Infinity:undefined:undefined:undefined:undefined":10,"s:137:2:137:Infinity":33,"s:137:22:137:Infinity":34,"s:139:2:150:Infinity":35,"s:140:4:143:Infinity":36,"b:145:4:147:Infinity:undefined:undefined:undefined:undefined":11,"s:145:4:147:Infinity":37,"s:146:6:146:Infinity":38,"s:149:4:149:Infinity":39,"f:171:16:171:34":5,"b:172:2:172:Infinity:undefined:undefined:undefined:undefined":12,"s:172:2:172:Infinity":40,"s:172:22:172:Infinity":41,"s:174:2:189:Infinity":42,"s:175:4:182:Infinity":43,"b:184:4:186:Infinity:undefined:undefined:undefined:undefined":13,"s:184:4:186:Infinity":44,"s:185:6:185:Infinity":45,"s:188:4:188:Infinity":46,"f:207:16:207:35":6,"b:208:2:208:Infinity:undefined:undefined:undefined:undefined":14,"s:208:2:208:Infinity":47,"s:208:22:208:Infinity":48,"s:210:2:221:Infinity":49,"s:211:4:214:Infinity":50,"b:216:4:218:Infinity:undefined:undefined:undefined:undefined":15,"s:216:4:218:Infinity":51,"s:217:6:217:Infinity":52,"s:220:4:220:Infinity":53,"f:253:16:253:33":7,"b:254:2:254:Infinity:undefined:undefined:undefined:undefined":16,"s:254:2:254:Infinity":54,"s:254:22:254:Infinity":55,"s:256:2:268:Infinity":56,"s:257:4:261:Infinity":57,"b:263:4:265:Infinity:undefined:undefined:undefined:undefined":17,"s:263:4:265:Infinity":58,"s:264:6:264:Infinity":59,"s:267:4:267:Infinity":60,"s:275:38:275:Infinity":61,"f:280:16:280:Infinity":8,"s:281:2:281:Infinity":62,"f:287:16:287:Infinity":9,"b:288:2:288:Infinity:undefined:undefined:undefined:undefined":18,"s:288:2:288:Infinity":63,"s:288:25:288:Infinity":64,"s:289:2:289:Infinity":65,"f:295:16:295:39":10,"b:296:2:296:Infinity:undefined:undefined:undefined:undefined":19,"s:296:2:296:Infinity":66,"s:296:22:296:Infinity":67,"s:298:2:310:Infinity":68,"s:299:4:303:Infinity":69,"b:305:4:307:Infinity:undefined:undefined:undefined:undefined":20,"s:305:4:307:Infinity":70,"s:306:6:306:Infinity":71,"s:309:4:309:Infinity":72,"f:345:16:345:Infinity":11,"b:355:2:355:Infinity:undefined:undefined:undefined:undefined":21,"s:355:2:355:Infinity":73,"s:355:22:355:Infinity":74,"s:357:2:379:Infinity":75,"s:358:22:358:42":76,"s:359:22:363:Infinity":77,"s:365:4:365:Infinity":78,"b:368:4:372:Infinity:370:11:372:Infinity":22,"s:368:4:372:Infinity":79,"s:369:6:369:Infinity":80,"b:370:11:372:Infinity:undefined:undefined:undefined:undefined":23,"s:370:11:372:Infinity":81,"s:371:6:371:Infinity":82,"b:374:4:376:Infinity:undefined:undefined:undefined:undefined":24,"s:374:4:376:Infinity":83,"s:375:6:375:Infinity":84,"s:378:4:378:Infinity":85,"f:385:16:385:33":12,"b:386:2:386:Infinity:undefined:undefined:undefined:undefined":25,"s:386:2:386:Infinity":86,"s:386:22:386:Infinity":87,"s:388:2:403:Infinity":88,"s:389:4:392:Infinity":89,"b:394:4:396:Infinity:undefined:undefined:undefined:undefined":26,"s:394:4:396:Infinity":90,"s:395:6:395:Infinity":91,"b:398:4:400:Infinity:undefined:undefined:undefined:undefined":27,"s:398:4:400:Infinity":92,"s:399:6:399:Infinity":93,"s:402:4:402:Infinity":94,"f:431:16:431:36":13,"b:432:2:432:Infinity:undefined:undefined:undefined:undefined":28,"s:432:2:432:Infinity":95,"s:432:22:432:Infinity":96,"s:434:2:456:Infinity":97,"s:436:29:439:Infinity":98,"s:441:4:446:Infinity":99,"b:444:19:444:35:444:39:444:58":29,"s:448:4:453:Infinity":100,"s:455:4:455:Infinity":101,"f:471:16:471:34":14,"b:472:2:472:Infinity:undefined:undefined:undefined:undefined":30,"s:472:2:472:Infinity":102,"s:472:22:472:Infinity":103,"s:474:2:485:Infinity":104,"s:475:4:478:Infinity":105,"b:480:4:482:Infinity:undefined:undefined:undefined:undefined":31,"s:480:4:482:Infinity":106,"s:481:6:481:Infinity":107,"s:484:4:484:Infinity":108,"f:495:16:495:Infinity":15,"s:496:13:496:32":109,"b:498:2:500:Infinity:undefined:undefined:undefined:undefined":32,"s:498:2:500:Infinity":110,"s:499:4:499:Infinity":111,"b:502:2:504:Infinity:undefined:undefined:undefined:undefined":33,"s:502:2:504:Infinity":112,"s:503:4:503:Infinity":113,"s:506:2:506:Infinity":114,"f:512:16:512:Infinity":16,"s:513:2:521:Infinity":115,"b:515:4:518:Infinity:undefined:undefined:undefined:undefined":34,"s:515:4:518:Infinity":116,"s:517:6:517:Infinity":117,"s:522:2:522:Infinity":118,"s:529:25:594:Infinity":119,"f:565:12:565:13":17,"b:566:4:566:Infinity:undefined:undefined:undefined:undefined":35,"s:566:4:566:Infinity":120,"s:566:24:566:Infinity":121,"s:567:4:567:Infinity":122,"b:569:4:571:Infinity:undefined:undefined:undefined:undefined":36,"s:569:4:571:Infinity":123,"s:570:6:570:Infinity":124,"f:577:9:577:Infinity":18,"b:578:4:578:Infinity:undefined:undefined:undefined:undefined":37,"s:578:4:578:Infinity":125,"s:578:24:578:Infinity":126,"s:579:4:579:Infinity":127,"s:580:4:580:Infinity":128,"b:582:4:584:Infinity:undefined:undefined:undefined:undefined":38,"s:582:4:584:Infinity":129,"s:583:6:583:Infinity":130,"f:590:21:590:22":19,"b:591:4:591:Infinity:undefined:undefined:undefined:undefined":39,"s:591:4:591:Infinity":131,"s:591:24:591:Infinity":132,"s:592:4:592:Infinity":133,"s:597:0:597:Infinity":134}}}
,"C:\\Users\\sinyo\\aSpiral\\aSpiral\\aSpiral\\aSpiral\\src\\lib\\logger.ts": {"path":"C:\\Users\\sinyo\\aSpiral\\aSpiral\\aSpiral\\aSpiral\\src\\lib\\logger.ts","statementMap":{"0":{"start":{"line":16,"column":25},"end":{"line":24,"column":null}},"1":{"start":{"line":30,"column":4},"end":{"line":30,"column":null}},"2":{"start":{"line":30,"column":43},"end":{"line":30,"column":null}},"3":{"start":{"line":32,"column":4},"end":{"line":34,"column":null}},"4":{"start":{"line":33,"column":6},"end":{"line":33,"column":null}},"5":{"start":{"line":33,"column":32},"end":{"line":33,"column":null}},"6":{"start":{"line":36,"column":47},"end":{"line":36,"column":null}},"7":{"start":{"line":37,"column":4},"end":{"line":45,"column":null}},"8":{"start":{"line":38,"column":6},"end":{"line":44,"column":null}},"9":{"start":{"line":38,"column":43},"end":{"line":38,"column":79}},"10":{"start":{"line":39,"column":8},"end":{"line":39,"column":null}},"11":{"start":{"line":40,"column":13},"end":{"line":44,"column":null}},"12":{"start":{"line":41,"column":8},"end":{"line":41,"column":null}},"13":{"start":{"line":43,"column":8},"end":{"line":43,"column":null}},"14":{"start":{"line":46,"column":4},"end":{"line":46,"column":null}},"15":{"start":{"line":50,"column":31},"end":{"line":56,"column":null}},"16":{"start":{"line":59,"column":45},"end":{"line":64,"column":null}},"17":{"start":{"line":66,"column":4},"end":{"line":70,"column":null}},"18":{"start":{"line":75,"column":4},"end":{"line":77,"column":null}},"19":{"start":{"line":76,"column":6},"end":{"line":76,"column":null}},"20":{"start":{"line":81,"column":4},"end":{"line":81,"column":null}},"21":{"start":{"line":85,"column":4},"end":{"line":85,"column":null}},"22":{"start":{"line":89,"column":4},"end":{"line":98,"column":null}},"23":{"start":{"line":27,"column":22},"end":{"line":27,"column":37}},"24":{"start":{"line":106,"column":2},"end":{"line":106,"column":null}}},"fnMap":{"0":{"name":"_define_property","decl":{"start":{"line":4,"column":1},"end":{"line":4,"column":null}},"loc":{"start":{"line":4,"column":1},"end":{"line":4,"column":null}},"line":4},"1":{"name":"(anonymous_1)","decl":{"start":{"line":29,"column":10},"end":{"line":29,"column":19}},"loc":{"start":{"line":29,"column":43},"end":{"line":47,"column":null}},"line":29},"2":{"name":"(anonymous_2)","decl":{"start":{"line":33,"column":22},"end":{"line":33,"column":23}},"loc":{"start":{"line":33,"column":32},"end":{"line":33,"column":null}},"line":33},"3":{"name":"(anonymous_3)","decl":{"start":{"line":38,"column":32},"end":{"line":38,"column":33}},"loc":{"start":{"line":38,"column":43},"end":{"line":38,"column":79}},"line":38},"4":{"name":"(anonymous_4)","decl":{"start":{"line":49,"column":10},"end":{"line":49,"column":14}},"loc":{"start":{"line":49,"column":80},"end":{"line":72,"column":null}},"line":49},"5":{"name":"(anonymous_5)","decl":{"start":{"line":74,"column":2},"end":{"line":74,"column":8}},"loc":{"start":{"line":74,"column":57},"end":{"line":78,"column":null}},"line":74},"6":{"name":"(anonymous_6)","decl":{"start":{"line":80,"column":2},"end":{"line":80,"column":7}},"loc":{"start":{"line":80,"column":56},"end":{"line":82,"column":null}},"line":80},"7":{"name":"(anonymous_7)","decl":{"start":{"line":84,"column":2},"end":{"line":84,"column":7}},"loc":{"start":{"line":84,"column":56},"end":{"line":86,"column":null}},"line":84},"8":{"name":"(anonymous_8)","decl":{"start":{"line":88,"column":2},"end":{"line":88,"column":8}},"loc":{"start":{"line":88,"column":72},"end":{"line":99,"column":null}},"line":88},"9":{"name":"(anonymous_9)","decl":{"start":{"line":27,"column":2},"end":{"line":27,"column":14}},"loc":{"start":{"line":27,"column":39},"end":{"line":27,"column":null}},"line":27},"10":{"name":"createLogger","decl":{"start":{"line":105,"column":16},"end":{"line":105,"column":29}},"loc":{"start":{"line":105,"column":44},"end":{"line":107,"column":null}},"line":105}},"branchMap":{"0":{"loc":{"start":{"line":30,"column":4},"end":{"line":30,"column":null}},"type":"if","locations":[{"start":{"line":30,"column":4},"end":{"line":30,"column":null}},{"start":{},"end":{}}],"line":30},"1":{"loc":{"start":{"line":30,"column":8},"end":{"line":30,"column":43}},"type":"binary-expr","locations":[{"start":{"line":30,"column":8},"end":{"line":30,"column":17}},{"start":{"line":30,"column":17},"end":{"line":30,"column":43}}],"line":30},"2":{"loc":{"start":{"line":32,"column":4},"end":{"line":34,"column":null}},"type":"if","locations":[{"start":{"line":32,"column":4},"end":{"line":34,"column":null}},{"start":{},"end":{}}],"line":32},"3":{"loc":{"start":{"line":38,"column":6},"end":{"line":44,"column":null}},"type":"if","locations":[{"start":{"line":38,"column":6},"end":{"line":44,"column":null}},{"start":{"line":40,"column":13},"end":{"line":44,"column":null}}],"line":38},"4":{"loc":{"start":{"line":40,"column":13},"end":{"line":44,"column":null}},"type":"if","locations":[{"start":{"line":40,"column":13},"end":{"line":44,"column":null}},{"start":{"line":42,"column":13},"end":{"line":44,"column":null}}],"line":40},"5":{"loc":{"start":{"line":40,"column":17},"end":{"line":40,"column":62}},"type":"binary-expr","locations":[{"start":{"line":40,"column":17},"end":{"line":40,"column":46}},{"start":{"line":40,"column":46},"end":{"line":40,"column":62}}],"line":40},"6":{"loc":{"start":{"line":55,"column":12},"end":{"line":55,"column":null}},"type":"cond-expr","locations":[{"start":{"line":55,"column":20},"end":{"line":55,"column":70}},{"start":{"line":55,"column":70},"end":{"line":55,"column":null}}],"line":55},"7":{"loc":{"start":{"line":70,"column":6},"end":{"line":70,"column":null}},"type":"binary-expr","locations":[{"start":{"line":70,"column":6},"end":{"line":70,"column":19}},{"start":{"line":70,"column":23},"end":{"line":70,"column":null}}],"line":70},"8":{"loc":{"start":{"line":75,"column":4},"end":{"line":77,"column":null}},"type":"if","locations":[{"start":{"line":75,"column":4},"end":{"line":77,"column":null}},{"start":{},"end":{}}],"line":75},"9":{"loc":{"start":{"line":91,"column":13},"end":{"line":97,"column":null}},"type":"cond-expr","locations":[{"start":{"line":92,"column":10},"end":{"line":96,"column":null}},{"start":{"line":97,"column":10},"end":{"line":97,"column":null}}],"line":91},"10":{"loc":{"start":{"line":95,"column":19},"end":{"line":95,"column":null}},"type":"cond-expr","locations":[{"start":{"line":95,"column":41},"end":{"line":95,"column":52}},{"start":{"line":95,"column":55},"end":{"line":95,"column":null}}],"line":95}},"s":{"0":3,"1":176,"2":0,"3":176,"4":0,"5":0,"6":176,"7":176,"8":825,"9":5775,"10":0,"11":825,"12":0,"13":825,"14":176,"15":214,"16":214,"17":214,"18":0,"19":0,"20":205,"21":9,"22":0,"23":8,"24":8},"f":{"0":8,"1":176,"2":0,"3":5775,"4":214,"5":0,"6":205,"7":9,"8":0,"9":8,"10":8},"b":{"0":[0,176],"1":[176,176],"2":[0,176],"3":[0,825],"4":[0,825],"5":[825,0],"6":[176,38],"7":[214,38],"8":[0,0],"9":[0,0],"10":[0,0]},"meta":{"lastBranch":11,"lastFunction":11,"lastStatement":25,"seen":{"f:4:1:4:Infinity":0,"s:16:25:24:Infinity":0,"f:29:10:29:19":1,"b:30:4:30:Infinity:undefined:undefined:undefined:undefined":0,"s:30:4:30:Infinity":1,"b:30:8:30:17:30:17:30:43":1,"s:30:43:30:Infinity":2,"b:32:4:34:Infinity:undefined:undefined:undefined:undefined":2,"s:32:4:34:Infinity":3,"s:33:6:33:Infinity":4,"f:33:22:33:23":2,"s:33:32:33:Infinity":5,"s:36:47:36:Infinity":6,"s:37:4:45:Infinity":7,"b:38:6:44:Infinity:40:13:44:Infinity":3,"s:38:6:44:Infinity":8,"f:38:32:38:33":3,"s:38:43:38:79":9,"s:39:8:39:Infinity":10,"b:40:13:44:Infinity:42:13:44:Infinity":4,"s:40:13:44:Infinity":11,"b:40:17:40:46:40:46:40:62":5,"s:41:8:41:Infinity":12,"s:43:8:43:Infinity":13,"s:46:4:46:Infinity":14,"f:49:10:49:14":4,"s:50:31:56:Infinity":15,"b:55:20:55:70:55:70:55:Infinity":6,"s:59:45:64:Infinity":16,"s:66:4:70:Infinity":17,"b:70:6:70:19:70:23:70:Infinity":7,"f:74:2:74:8":5,"b:75:4:77:Infinity:undefined:undefined:undefined:undefined":8,"s:75:4:77:Infinity":18,"s:76:6:76:Infinity":19,"f:80:2:80:7":6,"s:81:4:81:Infinity":20,"f:84:2:84:7":7,"s:85:4:85:Infinity":21,"f:88:2:88:8":8,"s:89:4:98:Infinity":22,"b:92:10:96:Infinity:97:10:97:Infinity":9,"b:95:41:95:52:95:55:95:Infinity":10,"f:27:2:27:14":9,"s:27:22:27:37":23,"f:105:16:105:29":10,"s:106:2:106:Infinity":24}}}
,"C:\\Users\\sinyo\\aSpiral\\aSpiral\\aSpiral\\aSpiral\\src\\lib\\breakthrough\\catalog.ts": {"path":"C:\\Users\\sinyo\\aSpiral\\aSpiral\\aSpiral\\aSpiral\\src\\lib\\breakthrough\\catalog.ts","statementMap":{"0":{"start":{"line":19,"column":54},"end":{"line":68,"column":null}},"1":{"start":{"line":74,"column":52},"end":{"line":1507,"column":null}},"2":{"start":{"line":1517,"column":2},"end":{"line":1517,"column":null}},"3":{"start":{"line":1524,"column":2},"end":{"line":1524,"column":null}},"4":{"start":{"line":1524,"column":43},"end":{"line":1524,"column":null}},"5":{"start":{"line":1531,"column":2},"end":{"line":1531,"column":null}},"6":{"start":{"line":1531,"column":45},"end":{"line":1531,"column":null}},"7":{"start":{"line":1538,"column":2},"end":{"line":1538,"column":null}},"8":{"start":{"line":1538,"column":45},"end":{"line":1538,"column":58}},"9":{"start":{"line":1545,"column":2},"end":{"line":1545,"column":null}},"10":{"start":{"line":1545,"column":45},"end":{"line":1545,"column":57}},"11":{"start":{"line":1552,"column":2},"end":{"line":1552,"column":null}},"12":{"start":{"line":1552,"column":45},"end":{"line":1552,"column":null}},"13":{"start":{"line":1559,"column":2},"end":{"line":1564,"column":null}},"14":{"start":{"line":1560,"column":13},"end":{"line":1560,"column":null}},"15":{"start":{"line":1561,"column":4},"end":{"line":1561,"column":null}},"16":{"start":{"line":1562,"column":4},"end":{"line":1562,"column":null}},"17":{"start":{"line":1563,"column":4},"end":{"line":1563,"column":null}},"18":{"start":{"line":1571,"column":17},"end":{"line":1571,"column":null}},"19":{"start":{"line":1572,"column":2},"end":{"line":1572,"column":null}},"20":{"start":{"line":1572,"column":15},"end":{"line":1572,"column":null}},"21":{"start":{"line":1574,"column":12},"end":{"line":1574,"column":null}},"22":{"start":{"line":1575,"column":12},"end":{"line":1575,"column":null}},"23":{"start":{"line":1576,"column":12},"end":{"line":1576,"column":null}},"24":{"start":{"line":1578,"column":14},"end":{"line":1578,"column":null}},"25":{"start":{"line":1579,"column":14},"end":{"line":1579,"column":null}},"26":{"start":{"line":1580,"column":10},"end":{"line":1580,"column":null}},"27":{"start":{"line":1581,"column":10},"end":{"line":1581,"column":null}},"28":{"start":{"line":1582,"column":12},"end":{"line":1582,"column":null}},"29":{"start":{"line":1584,"column":2},"end":{"line":1593,"column":null}},"30":{"start":{"line":1585,"column":14},"end":{"line":1585,"column":null}},"31":{"start":{"line":1586,"column":4},"end":{"line":1586,"column":null}},"32":{"start":{"line":1588,"column":4},"end":{"line":1592,"column":null}},"33":{"start":{"line":1589,"column":14},"end":{"line":1589,"column":55}},"34":{"start":{"line":1589,"column":55},"end":{"line":1589,"column":null}},"35":{"start":{"line":1590,"column":14},"end":{"line":1590,"column":41}},"36":{"start":{"line":1590,"column":41},"end":{"line":1590,"column":null}},"37":{"start":{"line":1591,"column":14},"end":{"line":1591,"column":41}},"38":{"start":{"line":1591,"column":41},"end":{"line":1591,"column":null}},"39":{"start":{"line":1595,"column":2},"end":{"line":1595,"column":null}},"40":{"start":{"line":1602,"column":2},"end":{"line":1602,"column":null}},"41":{"start":{"line":1603,"column":2},"end":{"line":1603,"column":null}},"42":{"start":{"line":1604,"column":2},"end":{"line":1604,"column":null}},"43":{"start":{"line":1606,"column":12},"end":{"line":1606,"column":null}},"44":{"start":{"line":1607,"column":12},"end":{"line":1607,"column":null}},"45":{"start":{"line":1608,"column":12},"end":{"line":1608,"column":null}},"46":{"start":{"line":1610,"column":10},"end":{"line":1610,"column":13}},"47":{"start":{"line":1610,"column":17},"end":{"line":1610,"column":20}},"48":{"start":{"line":1610,"column":24},"end":{"line":1610,"column":null}},"49":{"start":{"line":1612,"column":2},"end":{"line":1617,"column":null}},"50":{"start":{"line":1612,"column":16},"end":{"line":1612,"column":23}},"51":{"start":{"line":1612,"column":23},"end":{"line":1612,"column":30}},"52":{"start":{"line":1613,"column":7},"end":{"line":1617,"column":null}},"53":{"start":{"line":1613,"column":22},"end":{"line":1613,"column":29}},"54":{"start":{"line":1613,"column":29},"end":{"line":1613,"column":36}},"55":{"start":{"line":1614,"column":7},"end":{"line":1617,"column":null}},"56":{"start":{"line":1614,"column":22},"end":{"line":1614,"column":29}},"57":{"start":{"line":1614,"column":29},"end":{"line":1614,"column":36}},"58":{"start":{"line":1615,"column":7},"end":{"line":1617,"column":null}},"59":{"start":{"line":1615,"column":22},"end":{"line":1615,"column":29}},"60":{"start":{"line":1615,"column":29},"end":{"line":1615,"column":36}},"61":{"start":{"line":1616,"column":7},"end":{"line":1617,"column":null}},"62":{"start":{"line":1616,"column":22},"end":{"line":1616,"column":29}},"63":{"start":{"line":1616,"column":29},"end":{"line":1616,"column":36}},"64":{"start":{"line":1617,"column":9},"end":{"line":1617,"column":16}},"65":{"start":{"line":1617,"column":16},"end":{"line":1617,"column":23}},"66":{"start":{"line":1619,"column":16},"end":{"line":1619,"column":null}},"67":{"start":{"line":1619,"column":31},"end":{"line":1619,"column":null}},"68":{"start":{"line":1620,"column":2},"end":{"line":1620,"column":null}},"69":{"start":{"line":1627,"column":22},"end":{"line":1627,"column":null}},"70":{"start":{"line":1628,"column":2},"end":{"line":1628,"column":null}},"71":{"start":{"line":1635,"column":14},"end":{"line":1635,"column":null}},"72":{"start":{"line":1637,"column":29},"end":{"line":1637,"column":null}},"73":{"start":{"line":1640,"column":34},"end":{"line":1651,"column":null}},"74":{"start":{"line":1654,"column":24},"end":{"line":1656,"column":78}},"75":{"start":{"line":1660,"column":29},"end":{"line":1662,"column":88}},"76":{"start":{"line":1666,"column":24},"end":{"line":1666,"column":57}},"77":{"start":{"line":1667,"column":23},"end":{"line":1667,"column":null}},"78":{"start":{"line":1668,"column":26},"end":{"line":1668,"column":75}},"79":{"start":{"line":1671,"column":19},"end":{"line":1671,"column":39}},"80":{"start":{"line":1672,"column":22},"end":{"line":1674,"column":null}},"81":{"start":{"line":1673,"column":4},"end":{"line":1673,"column":null}},"82":{"start":{"line":1676,"column":2},"end":{"line":1683,"column":null}},"83":{"start":{"line":1690,"column":2},"end":{"line":1690,"column":null}},"84":{"start":{"line":1703,"column":18},"end":{"line":1703,"column":null}},"85":{"start":{"line":1704,"column":22},"end":{"line":1704,"column":null}},"86":{"start":{"line":1706,"column":2},"end":{"line":1709,"column":null}},"87":{"start":{"line":1707,"column":4},"end":{"line":1707,"column":null}},"88":{"start":{"line":1708,"column":4},"end":{"line":1708,"column":null}},"89":{"start":{"line":1711,"column":2},"end":{"line":1717,"column":null}},"90":{"start":{"line":1715,"column":53},"end":{"line":1715,"column":66}},"91":{"start":{"line":1716,"column":51},"end":{"line":1716,"column":63}}},"fnMap":{"0":{"name":"getAllVariants","decl":{"start":{"line":1516,"column":16},"end":{"line":1516,"column":null}},"loc":{"start":{"line":1516,"column":16},"end":{"line":1518,"column":null}},"line":1516},"1":{"name":"getVariantById","decl":{"start":{"line":1523,"column":16},"end":{"line":1523,"column":31}},"loc":{"start":{"line":1523,"column":41},"end":{"line":1525,"column":null}},"line":1523},"2":{"name":"(anonymous_2)","decl":{"start":{"line":1524,"column":36},"end":{"line":1524,"column":37}},"loc":{"start":{"line":1524,"column":43},"end":{"line":1524,"column":null}},"line":1524},"3":{"name":"getVariantsByClass","decl":{"start":{"line":1530,"column":16},"end":{"line":1530,"column":35}},"loc":{"start":{"line":1530,"column":71},"end":{"line":1532,"column":null}},"line":1530},"4":{"name":"(anonymous_4)","decl":{"start":{"line":1531,"column":38},"end":{"line":1531,"column":39}},"loc":{"start":{"line":1531,"column":45},"end":{"line":1531,"column":null}},"line":1531},"5":{"name":"getLowTierVariants","decl":{"start":{"line":1537,"column":16},"end":{"line":1537,"column":null}},"loc":{"start":{"line":1537,"column":16},"end":{"line":1539,"column":null}},"line":1537},"6":{"name":"(anonymous_6)","decl":{"start":{"line":1538,"column":38},"end":{"line":1538,"column":39}},"loc":{"start":{"line":1538,"column":45},"end":{"line":1538,"column":58}},"line":1538},"7":{"name":"getFallbackVariants","decl":{"start":{"line":1544,"column":16},"end":{"line":1544,"column":null}},"loc":{"start":{"line":1544,"column":16},"end":{"line":1546,"column":null}},"line":1544},"8":{"name":"(anonymous_8)","decl":{"start":{"line":1545,"column":38},"end":{"line":1545,"column":39}},"loc":{"start":{"line":1545,"column":45},"end":{"line":1545,"column":57}},"line":1545},"9":{"name":"getVariantsByIntensity","decl":{"start":{"line":1551,"column":16},"end":{"line":1551,"column":39}},"loc":{"start":{"line":1551,"column":63},"end":{"line":1553,"column":null}},"line":1551},"10":{"name":"(anonymous_10)","decl":{"start":{"line":1552,"column":38},"end":{"line":1552,"column":39}},"loc":{"start":{"line":1552,"column":45},"end":{"line":1552,"column":null}},"line":1552},"11":{"name":"seededRandom","decl":{"start":{"line":1558,"column":9},"end":{"line":1558,"column":22}},"loc":{"start":{"line":1558,"column":34},"end":{"line":1565,"column":null}},"line":1558},"12":{"name":"(anonymous_12)","decl":{"start":{"line":1559,"column":9},"end":{"line":1559,"column":null}},"loc":{"start":{"line":1559,"column":9},"end":{"line":1564,"column":null}},"line":1559},"13":{"name":"hexToHsl","decl":{"start":{"line":1570,"column":9},"end":{"line":1570,"column":18}},"loc":{"start":{"line":1570,"column":29},"end":{"line":1596,"column":null}},"line":1570},"14":{"name":"hslToHex","decl":{"start":{"line":1601,"column":9},"end":{"line":1601,"column":18}},"loc":{"start":{"line":1601,"column":49},"end":{"line":1621,"column":null}},"line":1601},"15":{"name":"(anonymous_15)","decl":{"start":{"line":1619,"column":16},"end":{"line":1619,"column":17}},"loc":{"start":{"line":1619,"column":31},"end":{"line":1619,"column":null}},"line":1619},"16":{"name":"rotateHue","decl":{"start":{"line":1626,"column":9},"end":{"line":1626,"column":19}},"loc":{"start":{"line":1626,"column":47},"end":{"line":1629,"column":null}},"line":1626},"17":{"name":"mutateVariant","decl":{"start":{"line":1634,"column":16},"end":{"line":1634,"column":30}},"loc":{"start":{"line":1634,"column":64},"end":{"line":1684,"column":null}},"line":1634},"18":{"name":"(anonymous_18)","decl":{"start":{"line":1672,"column":42},"end":{"line":1672,"column":43}},"loc":{"start":{"line":1672,"column":43},"end":{"line":1674,"column":null}},"line":1672},"19":{"name":"generateSeed","decl":{"start":{"line":1689,"column":16},"end":{"line":1689,"column":null}},"loc":{"start":{"line":1689,"column":16},"end":{"line":1691,"column":null}},"line":1689},"20":{"name":"getCatalogStats","decl":{"start":{"line":1696,"column":16},"end":{"line":1696,"column":null}},"loc":{"start":{"line":1696,"column":16},"end":{"line":1718,"column":null}},"line":1696},"21":{"name":"(anonymous_21)","decl":{"start":{"line":1715,"column":46},"end":{"line":1715,"column":47}},"loc":{"start":{"line":1715,"column":53},"end":{"line":1715,"column":66}},"line":1715},"22":{"name":"(anonymous_22)","decl":{"start":{"line":1716,"column":44},"end":{"line":1716,"column":45}},"loc":{"start":{"line":1716,"column":51},"end":{"line":1716,"column":63}},"line":1716}},"branchMap":{"0":{"loc":{"start":{"line":1572,"column":2},"end":{"line":1572,"column":null}},"type":"if","locations":[{"start":{"line":1572,"column":2},"end":{"line":1572,"column":null}},{"start":{},"end":{}}],"line":1572},"1":{"loc":{"start":{"line":1584,"column":2},"end":{"line":1593,"column":null}},"type":"if","locations":[{"start":{"line":1584,"column":2},"end":{"line":1593,"column":null}},{"start":{},"end":{}}],"line":1584},"2":{"loc":{"start":{"line":1586,"column":8},"end":{"line":1586,"column":null}},"type":"cond-expr","locations":[{"start":{"line":1586,"column":18},"end":{"line":1586,"column":40}},{"start":{"line":1586,"column":40},"end":{"line":1586,"column":null}}],"line":1586},"3":{"loc":{"start":{"line":1588,"column":4},"end":{"line":1592,"column":null}},"type":"switch","locations":[{"start":{"line":1589,"column":6},"end":{"line":1589,"column":null}},{"start":{"line":1590,"column":6},"end":{"line":1590,"column":null}},{"start":{"line":1591,"column":6},"end":{"line":1591,"column":null}}],"line":1588},"4":{"loc":{"start":{"line":1589,"column":34},"end":{"line":1589,"column":47}},"type":"cond-expr","locations":[{"start":{"line":1589,"column":42},"end":{"line":1589,"column":46}},{"start":{"line":1589,"column":46},"end":{"line":1589,"column":47}}],"line":1589},"5":{"loc":{"start":{"line":1612,"column":2},"end":{"line":1617,"column":null}},"type":"if","locations":[{"start":{"line":1612,"column":2},"end":{"line":1617,"column":null}},{"start":{"line":1613,"column":7},"end":{"line":1617,"column":null}}],"line":1612},"6":{"loc":{"start":{"line":1613,"column":7},"end":{"line":1617,"column":null}},"type":"if","locations":[{"start":{"line":1613,"column":7},"end":{"line":1617,"column":null}},{"start":{"line":1614,"column":7},"end":{"line":1617,"column":null}}],"line":1613},"7":{"loc":{"start":{"line":1614,"column":7},"end":{"line":1617,"column":null}},"type":"if","locations":[{"start":{"line":1614,"column":7},"end":{"line":1617,"column":null}},{"start":{"line":1615,"column":7},"end":{"line":1617,"column":null}}],"line":1614},"8":{"loc":{"start":{"line":1615,"column":7},"end":{"line":1617,"column":null}},"type":"if","locations":[{"start":{"line":1615,"column":7},"end":{"line":1617,"column":null}},{"start":{"line":1616,"column":7},"end":{"line":1617,"column":null}}],"line":1615},"9":{"loc":{"start":{"line":1616,"column":7},"end":{"line":1617,"column":null}},"type":"if","locations":[{"start":{"line":1616,"column":7},"end":{"line":1617,"column":null}},{"start":{"line":1617,"column":7},"end":{"line":1617,"column":null}}],"line":1616},"10":{"loc":{"start":{"line":1668,"column":26},"end":{"line":1668,"column":75}},"type":"binary-expr","locations":[{"start":{"line":1668,"column":26},"end":{"line":1668,"column":53}},{"start":{"line":1668,"column":57},"end":{"line":1668,"column":75}}],"line":1668},"11":{"loc":{"start":{"line":1707,"column":24},"end":{"line":1707,"column":49}},"type":"binary-expr","locations":[{"start":{"line":1707,"column":24},"end":{"line":1707,"column":40}},{"start":{"line":1707,"column":44},"end":{"line":1707,"column":49}}],"line":1707},"12":{"loc":{"start":{"line":1708,"column":32},"end":{"line":1708,"column":65}},"type":"binary-expr","locations":[{"start":{"line":1708,"column":32},"end":{"line":1708,"column":56}},{"start":{"line":1708,"column":60},"end":{"line":1708,"column":65}}],"line":1708}},"s":{"0":3,"1":3,"2":99,"3":0,"4":0,"5":0,"6":0,"7":0,"8":0,"9":7,"10":308,"11":0,"12":0,"13":106,"14":954,"15":954,"16":954,"17":954,"18":436,"19":436,"20":0,"21":436,"22":436,"23":436,"24":436,"25":436,"26":436,"27":436,"28":436,"29":436,"30":350,"31":350,"32":350,"33":168,"34":168,"35":38,"36":38,"37":144,"38":144,"39":436,"40":436,"41":436,"42":436,"43":436,"44":436,"45":436,"46":436,"47":436,"48":436,"49":436,"50":169,"51":169,"52":267,"53":0,"54":0,"55":267,"56":46,"57":46,"58":221,"59":79,"60":79,"61":142,"62":51,"63":51,"64":91,"65":91,"66":436,"67":1308,"68":436,"69":436,"70":436,"71":106,"72":106,"73":106,"74":106,"75":106,"76":106,"77":106,"78":106,"79":106,"80":106,"81":436,"82":106,"83":201,"84":0,"85":0,"86":0,"87":0,"88":0,"89":0,"90":0,"91":0},"f":{"0":99,"1":0,"2":0,"3":0,"4":0,"5":0,"6":0,"7":7,"8":308,"9":0,"10":0,"11":106,"12":954,"13":436,"14":436,"15":1308,"16":436,"17":106,"18":436,"19":201,"20":0,"21":0,"22":0},"b":{"0":[0,436],"1":[350,86],"2":[319,31],"3":[168,38,144],"4":[36,132],"5":[169,267],"6":[0,267],"7":[46,221],"8":[79,142],"9":[51,91],"10":[106,0],"11":[0,0],"12":[0,0]},"meta":{"lastBranch":13,"lastFunction":23,"lastStatement":92,"seen":{"s:19:54:68:Infinity":0,"s:74:52:1507:Infinity":1,"f:1516:16:1516:Infinity":0,"s:1517:2:1517:Infinity":2,"f:1523:16:1523:31":1,"s:1524:2:1524:Infinity":3,"f:1524:36:1524:37":2,"s:1524:43:1524:Infinity":4,"f:1530:16:1530:35":3,"s:1531:2:1531:Infinity":5,"f:1531:38:1531:39":4,"s:1531:45:1531:Infinity":6,"f:1537:16:1537:Infinity":5,"s:1538:2:1538:Infinity":7,"f:1538:38:1538:39":6,"s:1538:45:1538:58":8,"f:1544:16:1544:Infinity":7,"s:1545:2:1545:Infinity":9,"f:1545:38:1545:39":8,"s:1545:45:1545:57":10,"f:1551:16:1551:39":9,"s:1552:2:1552:Infinity":11,"f:1552:38:1552:39":10,"s:1552:45:1552:Infinity":12,"f:1558:9:1558:22":11,"s:1559:2:1564:Infinity":13,"f:1559:9:1559:Infinity":12,"s:1560:13:1560:Infinity":14,"s:1561:4:1561:Infinity":15,"s:1562:4:1562:Infinity":16,"s:1563:4:1563:Infinity":17,"f:1570:9:1570:18":13,"s:1571:17:1571:Infinity":18,"b:1572:2:1572:Infinity:undefined:undefined:undefined:undefined":0,"s:1572:2:1572:Infinity":19,"s:1572:15:1572:Infinity":20,"s:1574:12:1574:Infinity":21,"s:1575:12:1575:Infinity":22,"s:1576:12:1576:Infinity":23,"s:1578:14:1578:Infinity":24,"s:1579:14:1579:Infinity":25,"s:1580:10:1580:Infinity":26,"s:1581:10:1581:Infinity":27,"s:1582:12:1582:Infinity":28,"b:1584:2:1593:Infinity:undefined:undefined:undefined:undefined":1,"s:1584:2:1593:Infinity":29,"s:1585:14:1585:Infinity":30,"s:1586:4:1586:Infinity":31,"b:1586:18:1586:40:1586:40:1586:Infinity":2,"b:1589:6:1589:Infinity:1590:6:1590:Infinity:1591:6:1591:Infinity":3,"s:1588:4:1592:Infinity":32,"s:1589:14:1589:55":33,"b:1589:42:1589:46:1589:46:1589:47":4,"s:1589:55:1589:Infinity":34,"s:1590:14:1590:41":35,"s:1590:41:1590:Infinity":36,"s:1591:14:1591:41":37,"s:1591:41:1591:Infinity":38,"s:1595:2:1595:Infinity":39,"f:1601:9:1601:18":14,"s:1602:2:1602:Infinity":40,"s:1603:2:1603:Infinity":41,"s:1604:2:1604:Infinity":42,"s:1606:12:1606:Infinity":43,"s:1607:12:1607:Infinity":44,"s:1608:12:1608:Infinity":45,"s:1610:10:1610:13":46,"s:1610:17:1610:20":47,"s:1610:24:1610:Infinity":48,"b:1612:2:1617:Infinity:1613:7:1617:Infinity":5,"s:1612:2:1617:Infinity":49,"s:1612:16:1612:23":50,"s:1612:23:1612:30":51,"b:1613:7:1617:Infinity:1614:7:1617:Infinity":6,"s:1613:7:1617:Infinity":52,"s:1613:22:1613:29":53,"s:1613:29:1613:36":54,"b:1614:7:1617:Infinity:1615:7:1617:Infinity":7,"s:1614:7:1617:Infinity":55,"s:1614:22:1614:29":56,"s:1614:29:1614:36":57,"b:1615:7:1617:Infinity:1616:7:1617:Infinity":8,"s:1615:7:1617:Infinity":58,"s:1615:22:1615:29":59,"s:1615:29:1615:36":60,"b:1616:7:1617:Infinity:1617:7:1617:Infinity":9,"s:1616:7:1617:Infinity":61,"s:1616:22:1616:29":62,"s:1616:29:1616:36":63,"s:1617:9:1617:16":64,"s:1617:16:1617:23":65,"s:1619:16:1619:Infinity":66,"f:1619:16:1619:17":15,"s:1619:31:1619:Infinity":67,"s:1620:2:1620:Infinity":68,"f:1626:9:1626:19":16,"s:1627:22:1627:Infinity":69,"s:1628:2:1628:Infinity":70,"f:1634:16:1634:30":17,"s:1635:14:1635:Infinity":71,"s:1637:29:1637:Infinity":72,"s:1640:34:1651:Infinity":73,"s:1654:24:1656:78":74,"s:1660:29:1662:88":75,"s:1666:24:1666:57":76,"s:1667:23:1667:Infinity":77,"s:1668:26:1668:75":78,"b:1668:26:1668:53:1668:57:1668:75":10,"s:1671:19:1671:39":79,"s:1672:22:1674:Infinity":80,"f:1672:42:1672:43":18,"s:1673:4:1673:Infinity":81,"s:1676:2:1683:Infinity":82,"f:1689:16:1689:Infinity":19,"s:1690:2:1690:Infinity":83,"f:1696:16:1696:Infinity":20,"s:1703:18:1703:Infinity":84,"s:1704:22:1704:Infinity":85,"s:1706:2:1709:Infinity":86,"s:1707:4:1707:Infinity":87,"b:1707:24:1707:40:1707:44:1707:49":11,"s:1708:4:1708:Infinity":88,"b:1708:32:1708:56:1708:60:1708:65":12,"s:1711:2:1717:Infinity":89,"f:1715:46:1715:47":21,"s:1715:53:1715:66":90,"f:1716:44:1716:45":22,"s:1716:51:1716:63":91}}}
,"C:\\Users\\sinyo\\aSpiral\\aSpiral\\aSpiral\\aSpiral\\src\\lib\\breakthrough\\director.ts": {"path":"C:\\Users\\sinyo\\aSpiral\\aSpiral\\aSpiral\\aSpiral\\src\\lib\\breakthrough\\director.ts","statementMap":{"0":{"start":{"line":19,"column":6},"end":{"line":19,"column":null}},"1":{"start":{"line":26,"column":22},"end":{"line":26,"column":null}},"2":{"start":{"line":29,"column":27},"end":{"line":29,"column":null}},"3":{"start":{"line":32,"column":24},"end":{"line":32,"column":null}},"4":{"start":{"line":35,"column":27},"end":{"line":35,"column":null}},"5":{"start":{"line":38,"column":27},"end":{"line":38,"column":null}},"6":{"start":{"line":91,"column":4},"end":{"line":91,"column":null}},"7":{"start":{"line":102,"column":4},"end":{"line":102,"column":null}},"8":{"start":{"line":103,"column":4},"end":{"line":103,"column":null}},"9":{"start":{"line":104,"column":4},"end":{"line":104,"column":null}},"10":{"start":{"line":114,"column":4},"end":{"line":114,"column":null}},"11":{"start":{"line":115,"column":4},"end":{"line":115,"column":null}},"12":{"start":{"line":123,"column":4},"end":{"line":123,"column":null}},"13":{"start":{"line":124,"column":4},"end":{"line":124,"column":null}},"14":{"start":{"line":125,"column":4},"end":{"line":125,"column":null}},"15":{"start":{"line":129,"column":4},"end":{"line":131,"column":null}},"16":{"start":{"line":130,"column":6},"end":{"line":130,"column":null}},"17":{"start":{"line":138,"column":4},"end":{"line":138,"column":null}},"18":{"start":{"line":152,"column":4},"end":{"line":156,"column":null}},"19":{"start":{"line":153,"column":6},"end":{"line":153,"column":null}},"20":{"start":{"line":155,"column":6},"end":{"line":155,"column":null}},"21":{"start":{"line":158,"column":4},"end":{"line":158,"column":null}},"22":{"start":{"line":160,"column":4},"end":{"line":190,"column":null}},"23":{"start":{"line":162,"column":12},"end":{"line":166,"column":null}},"24":{"start":{"line":170,"column":23},"end":{"line":170,"column":null}},"25":{"start":{"line":173,"column":6},"end":{"line":176,"column":null}},"26":{"start":{"line":178,"column":6},"end":{"line":178,"column":null}},"27":{"start":{"line":179,"column":6},"end":{"line":179,"column":null}},"28":{"start":{"line":181,"column":6},"end":{"line":181,"column":null}},"29":{"start":{"line":183,"column":6},"end":{"line":183,"column":null}},"30":{"start":{"line":184,"column":6},"end":{"line":187,"column":null}},"31":{"start":{"line":188,"column":6},"end":{"line":188,"column":null}},"32":{"start":{"line":189,"column":6},"end":{"line":189,"column":null}},"33":{"start":{"line":201,"column":4},"end":{"line":205,"column":null}},"34":{"start":{"line":202,"column":6},"end":{"line":202,"column":null}},"35":{"start":{"line":203,"column":6},"end":{"line":203,"column":null}},"36":{"start":{"line":204,"column":6},"end":{"line":204,"column":null}},"37":{"start":{"line":208,"column":28},"end":{"line":208,"column":70}},"38":{"start":{"line":210,"column":4},"end":{"line":216,"column":null}},"39":{"start":{"line":211,"column":6},"end":{"line":211,"column":null}},"40":{"start":{"line":212,"column":6},"end":{"line":212,"column":null}},"41":{"start":{"line":213,"column":6},"end":{"line":213,"column":null}},"42":{"start":{"line":215,"column":6},"end":{"line":215,"column":null}},"43":{"start":{"line":219,"column":4},"end":{"line":219,"column":null}},"44":{"start":{"line":220,"column":4},"end":{"line":220,"column":null}},"45":{"start":{"line":221,"column":4},"end":{"line":221,"column":null}},"46":{"start":{"line":222,"column":4},"end":{"line":222,"column":null}},"47":{"start":{"line":224,"column":4},"end":{"line":224,"column":null}},"48":{"start":{"line":227,"column":4},"end":{"line":227,"column":null}},"49":{"start":{"line":230,"column":4},"end":{"line":230,"column":null}},"50":{"start":{"line":233,"column":4},"end":{"line":233,"column":null}},"51":{"start":{"line":236,"column":4},"end":{"line":236,"column":null}},"52":{"start":{"line":243,"column":4},"end":{"line":243,"column":null}},"53":{"start":{"line":243,"column":40},"end":{"line":243,"column":null}},"54":{"start":{"line":245,"column":4},"end":{"line":245,"column":null}},"55":{"start":{"line":248,"column":4},"end":{"line":250,"column":null}},"56":{"start":{"line":249,"column":6},"end":{"line":249,"column":null}},"57":{"start":{"line":257,"column":4},"end":{"line":260,"column":null}},"58":{"start":{"line":258,"column":6},"end":{"line":258,"column":null}},"59":{"start":{"line":259,"column":6},"end":{"line":259,"column":null}},"60":{"start":{"line":262,"column":4},"end":{"line":262,"column":null}},"61":{"start":{"line":265,"column":4},"end":{"line":267,"column":null}},"62":{"start":{"line":266,"column":6},"end":{"line":266,"column":null}},"63":{"start":{"line":274,"column":4},"end":{"line":276,"column":null}},"64":{"start":{"line":275,"column":6},"end":{"line":275,"column":null}},"65":{"start":{"line":278,"column":4},"end":{"line":278,"column":null}},"66":{"start":{"line":281,"column":4},"end":{"line":281,"column":null}},"67":{"start":{"line":284,"column":4},"end":{"line":284,"column":null}},"68":{"start":{"line":287,"column":4},"end":{"line":287,"column":null}},"69":{"start":{"line":294,"column":4},"end":{"line":296,"column":null}},"70":{"start":{"line":295,"column":6},"end":{"line":295,"column":null}},"71":{"start":{"line":298,"column":4},"end":{"line":298,"column":null}},"72":{"start":{"line":300,"column":4},"end":{"line":300,"column":null}},"73":{"start":{"line":301,"column":4},"end":{"line":301,"column":null}},"74":{"start":{"line":310,"column":4},"end":{"line":310,"column":null}},"75":{"start":{"line":317,"column":4},"end":{"line":317,"column":null}},"76":{"start":{"line":324,"column":4},"end":{"line":324,"column":null}},"77":{"start":{"line":325,"column":4},"end":{"line":325,"column":null}},"78":{"start":{"line":326,"column":4},"end":{"line":326,"column":null}},"79":{"start":{"line":327,"column":4},"end":{"line":327,"column":null}},"80":{"start":{"line":328,"column":4},"end":{"line":328,"column":null}},"81":{"start":{"line":329,"column":4},"end":{"line":329,"column":null}},"82":{"start":{"line":330,"column":4},"end":{"line":330,"column":null}},"83":{"start":{"line":331,"column":4},"end":{"line":331,"column":null}},"84":{"start":{"line":332,"column":4},"end":{"line":332,"column":null}},"85":{"start":{"line":340,"column":4},"end":{"line":340,"column":null}},"86":{"start":{"line":341,"column":4},"end":{"line":341,"column":null}},"87":{"start":{"line":346,"column":4},"end":{"line":363,"column":null}},"88":{"start":{"line":347,"column":6},"end":{"line":350,"column":null}},"89":{"start":{"line":348,"column":8},"end":{"line":348,"column":null}},"90":{"start":{"line":349,"column":8},"end":{"line":349,"column":null}},"91":{"start":{"line":353,"column":6},"end":{"line":362,"column":null}},"92":{"start":{"line":354,"column":26},"end":{"line":354,"column":null}},"93":{"start":{"line":355,"column":23},"end":{"line":355,"column":78}},"94":{"start":{"line":355,"column":50},"end":{"line":355,"column":57}},"95":{"start":{"line":357,"column":8},"end":{"line":361,"column":null}},"96":{"start":{"line":358,"column":10},"end":{"line":358,"column":null}},"97":{"start":{"line":359,"column":10},"end":{"line":359,"column":null}},"98":{"start":{"line":360,"column":10},"end":{"line":360,"column":null}},"99":{"start":{"line":367,"column":4},"end":{"line":370,"column":null}},"100":{"start":{"line":368,"column":6},"end":{"line":368,"column":null}},"101":{"start":{"line":369,"column":6},"end":{"line":369,"column":null}},"102":{"start":{"line":374,"column":4},"end":{"line":379,"column":null}},"103":{"start":{"line":375,"column":6},"end":{"line":378,"column":null}},"104":{"start":{"line":376,"column":8},"end":{"line":376,"column":null}},"105":{"start":{"line":377,"column":8},"end":{"line":377,"column":null}},"106":{"start":{"line":383,"column":4},"end":{"line":383,"column":null}},"107":{"start":{"line":386,"column":4},"end":{"line":386,"column":null}},"108":{"start":{"line":389,"column":4},"end":{"line":392,"column":null}},"109":{"start":{"line":390,"column":6},"end":{"line":390,"column":null}},"110":{"start":{"line":391,"column":6},"end":{"line":391,"column":null}},"111":{"start":{"line":393,"column":4},"end":{"line":396,"column":null}},"112":{"start":{"line":394,"column":6},"end":{"line":394,"column":null}},"113":{"start":{"line":395,"column":6},"end":{"line":395,"column":null}},"114":{"start":{"line":399,"column":4},"end":{"line":408,"column":null}},"115":{"start":{"line":400,"column":6},"end":{"line":406,"column":null}},"116":{"start":{"line":411,"column":4},"end":{"line":413,"column":null}},"117":{"start":{"line":412,"column":6},"end":{"line":412,"column":null}},"118":{"start":{"line":416,"column":4},"end":{"line":420,"column":null}},"119":{"start":{"line":417,"column":6},"end":{"line":417,"column":null}},"120":{"start":{"line":419,"column":6},"end":{"line":419,"column":null}},"121":{"start":{"line":423,"column":4},"end":{"line":423,"column":null}},"122":{"start":{"line":426,"column":4},"end":{"line":426,"column":null}},"123":{"start":{"line":430,"column":4},"end":{"line":430,"column":null}},"124":{"start":{"line":432,"column":4},"end":{"line":435,"column":null}},"125":{"start":{"line":433,"column":6},"end":{"line":433,"column":null}},"126":{"start":{"line":434,"column":6},"end":{"line":434,"column":null}},"127":{"start":{"line":436,"column":4},"end":{"line":439,"column":null}},"128":{"start":{"line":437,"column":6},"end":{"line":437,"column":null}},"129":{"start":{"line":438,"column":6},"end":{"line":438,"column":null}},"130":{"start":{"line":442,"column":4},"end":{"line":449,"column":null}},"131":{"start":{"line":451,"column":4},"end":{"line":451,"column":null}},"132":{"start":{"line":452,"column":4},"end":{"line":452,"column":null}},"133":{"start":{"line":456,"column":4},"end":{"line":465,"column":null}},"134":{"start":{"line":457,"column":20},"end":{"line":463,"column":null}},"135":{"start":{"line":458,"column":8},"end":{"line":462,"column":null}},"136":{"start":{"line":459,"column":10},"end":{"line":459,"column":null}},"137":{"start":{"line":461,"column":10},"end":{"line":461,"column":null}},"138":{"start":{"line":464,"column":6},"end":{"line":464,"column":null}},"139":{"start":{"line":471,"column":4},"end":{"line":471,"column":null}},"140":{"start":{"line":471,"column":36},"end":{"line":471,"column":null}},"141":{"start":{"line":473,"column":21},"end":{"line":475,"column":null}},"142":{"start":{"line":477,"column":19},"end":{"line":479,"column":null}},"143":{"start":{"line":478,"column":47},"end":{"line":478,"column":54}},"144":{"start":{"line":481,"column":19},"end":{"line":483,"column":null}},"145":{"start":{"line":485,"column":46},"end":{"line":496,"column":null}},"146":{"start":{"line":499,"column":4},"end":{"line":499,"column":null}},"147":{"start":{"line":502,"column":4},"end":{"line":519,"column":null}},"148":{"start":{"line":503,"column":29},"end":{"line":505,"column":null}},"149":{"start":{"line":506,"column":6},"end":{"line":514,"column":null}},"150":{"start":{"line":518,"column":6},"end":{"line":518,"column":null}},"151":{"start":{"line":48,"column":2},"end":{"line":55,"column":null}},"152":{"start":{"line":57,"column":2},"end":{"line":57,"column":null}},"153":{"start":{"line":58,"column":2},"end":{"line":58,"column":null}},"154":{"start":{"line":59,"column":2},"end":{"line":59,"column":null}},"155":{"start":{"line":60,"column":2},"end":{"line":60,"column":null}},"156":{"start":{"line":62,"column":2},"end":{"line":62,"column":null}},"157":{"start":{"line":63,"column":2},"end":{"line":63,"column":null}},"158":{"start":{"line":64,"column":2},"end":{"line":64,"column":null}},"159":{"start":{"line":67,"column":2},"end":{"line":73,"column":null}},"160":{"start":{"line":76,"column":2},"end":{"line":76,"column":null}},"161":{"start":{"line":77,"column":2},"end":{"line":77,"column":null}},"162":{"start":{"line":80,"column":2},"end":{"line":80,"column":null}},"163":{"start":{"line":81,"column":2},"end":{"line":81,"column":null}},"164":{"start":{"line":527,"column":52},"end":{"line":527,"column":null}},"165":{"start":{"line":533,"column":2},"end":{"line":535,"column":null}},"166":{"start":{"line":534,"column":4},"end":{"line":534,"column":null}},"167":{"start":{"line":536,"column":2},"end":{"line":536,"column":null}},"168":{"start":{"line":543,"column":2},"end":{"line":546,"column":null}},"169":{"start":{"line":544,"column":4},"end":{"line":544,"column":null}},"170":{"start":{"line":545,"column":4},"end":{"line":545,"column":null}}},"fnMap":{"0":{"name":"_define_property","decl":{"start":{"line":4,"column":1},"end":{"line":4,"column":null}},"loc":{"start":{"line":4,"column":1},"end":{"line":4,"column":null}},"line":4},"1":{"name":"(anonymous_1)","decl":{"start":{"line":90,"column":2},"end":{"line":90,"column":38}},"loc":{"start":{"line":90,"column":38},"end":{"line":92,"column":null}},"line":90},"2":{"name":"(anonymous_2)","decl":{"start":{"line":97,"column":2},"end":{"line":97,"column":15}},"loc":{"start":{"line":101,"column":11},"end":{"line":105,"column":null}},"line":101},"3":{"name":"(anonymous_3)","decl":{"start":{"line":110,"column":2},"end":{"line":110,"column":22}},"loc":{"start":{"line":113,"column":11},"end":{"line":116,"column":null}},"line":113},"4":{"name":"(anonymous_4)","decl":{"start":{"line":122,"column":2},"end":{"line":122,"column":33}},"loc":{"start":{"line":122,"column":33},"end":{"line":132,"column":null}},"line":122},"5":{"name":"(anonymous_5)","decl":{"start":{"line":137,"column":2},"end":{"line":137,"column":37}},"loc":{"start":{"line":137,"column":37},"end":{"line":140,"column":null}},"line":137},"6":{"name":"(anonymous_6)","decl":{"start":{"line":145,"column":8},"end":{"line":145,"column":null}},"loc":{"start":{"line":150,"column":29},"end":{"line":191,"column":null}},"line":150},"7":{"name":"(anonymous_7)","decl":{"start":{"line":196,"column":8},"end":{"line":196,"column":null}},"loc":{"start":{"line":199,"column":19},"end":{"line":237,"column":null}},"line":199},"8":{"name":"(anonymous_8)","decl":{"start":{"line":242,"column":2},"end":{"line":242,"column":12}},"loc":{"start":{"line":242,"column":31},"end":{"line":251,"column":null}},"line":242},"9":{"name":"(anonymous_9)","decl":{"start":{"line":256,"column":2},"end":{"line":256,"column":19}},"loc":{"start":{"line":256,"column":19},"end":{"line":268,"column":null}},"line":256},"10":{"name":"(anonymous_10)","decl":{"start":{"line":265,"column":36},"end":{"line":265,"column":null}},"loc":{"start":{"line":265,"column":36},"end":{"line":267,"column":7}},"line":265},"11":{"name":"(anonymous_11)","decl":{"start":{"line":273,"column":2},"end":{"line":273,"column":8}},"loc":{"start":{"line":273,"column":45},"end":{"line":288,"column":null}},"line":273},"12":{"name":"(anonymous_12)","decl":{"start":{"line":293,"column":2},"end":{"line":293,"column":26}},"loc":{"start":{"line":293,"column":26},"end":{"line":304,"column":null}},"line":293},"13":{"name":"(anonymous_13)","decl":{"start":{"line":309,"column":2},"end":{"line":309,"column":24}},"loc":{"start":{"line":309,"column":24},"end":{"line":311,"column":null}},"line":309},"14":{"name":"(anonymous_14)","decl":{"start":{"line":316,"column":2},"end":{"line":316,"column":45}},"loc":{"start":{"line":316,"column":45},"end":{"line":318,"column":null}},"line":316},"15":{"name":"(anonymous_15)","decl":{"start":{"line":323,"column":2},"end":{"line":323,"column":18}},"loc":{"start":{"line":323,"column":18},"end":{"line":333,"column":null}},"line":323},"16":{"name":"(anonymous_16)","decl":{"start":{"line":339,"column":10},"end":{"line":339,"column":19}},"loc":{"start":{"line":339,"column":47},"end":{"line":342,"column":null}},"line":339},"17":{"name":"(anonymous_17)","decl":{"start":{"line":344,"column":10},"end":{"line":344,"column":29}},"loc":{"start":{"line":344,"column":61},"end":{"line":364,"column":null}},"line":344},"18":{"name":"(anonymous_18)","decl":{"start":{"line":346,"column":40},"end":{"line":346,"column":null}},"loc":{"start":{"line":346,"column":40},"end":{"line":363,"column":7}},"line":346},"19":{"name":"(anonymous_19)","decl":{"start":{"line":355,"column":40},"end":{"line":355,"column":41}},"loc":{"start":{"line":355,"column":50},"end":{"line":355,"column":57}},"line":355},"20":{"name":"(anonymous_20)","decl":{"start":{"line":366,"column":10},"end":{"line":366,"column":36}},"loc":{"start":{"line":366,"column":36},"end":{"line":371,"column":null}},"line":366},"21":{"name":"(anonymous_21)","decl":{"start":{"line":373,"column":10},"end":{"line":373,"column":42}},"loc":{"start":{"line":373,"column":42},"end":{"line":380,"column":null}},"line":373},"22":{"name":"(anonymous_22)","decl":{"start":{"line":374,"column":41},"end":{"line":374,"column":null}},"loc":{"start":{"line":374,"column":41},"end":{"line":379,"column":7}},"line":374},"23":{"name":"(anonymous_23)","decl":{"start":{"line":382,"column":10},"end":{"line":382,"column":19}},"loc":{"start":{"line":382,"column":62},"end":{"line":427,"column":null}},"line":382},"24":{"name":"(anonymous_24)","decl":{"start":{"line":429,"column":10},"end":{"line":429,"column":26}},"loc":{"start":{"line":429,"column":26},"end":{"line":453,"column":null}},"line":429},"25":{"name":"(anonymous_25)","decl":{"start":{"line":455,"column":16},"end":{"line":455,"column":48}},"loc":{"start":{"line":455,"column":48},"end":{"line":466,"column":null}},"line":455},"26":{"name":"(anonymous_26)","decl":{"start":{"line":456,"column":23},"end":{"line":456,"column":24}},"loc":{"start":{"line":456,"column":24},"end":{"line":465,"column":null}},"line":456},"27":{"name":"(anonymous_27)","decl":{"start":{"line":457,"column":20},"end":{"line":457,"column":null}},"loc":{"start":{"line":457,"column":20},"end":{"line":463,"column":null}},"line":457},"28":{"name":"(anonymous_28)","decl":{"start":{"line":468,"column":10},"end":{"line":468,"column":null}},"loc":{"start":{"line":470,"column":10},"end":{"line":520,"column":null}},"line":470},"29":{"name":"(anonymous_29)","decl":{"start":{"line":478,"column":37},"end":{"line":478,"column":38}},"loc":{"start":{"line":478,"column":47},"end":{"line":478,"column":54}},"line":478},"30":{"name":"getBreakthroughDirector","decl":{"start":{"line":532,"column":16},"end":{"line":532,"column":null}},"loc":{"start":{"line":532,"column":16},"end":{"line":537,"column":null}},"line":532},"31":{"name":"resetBreakthroughDirector","decl":{"start":{"line":542,"column":16},"end":{"line":542,"column":null}},"loc":{"start":{"line":542,"column":16},"end":{"line":547,"column":null}},"line":542}},"branchMap":{"0":{"loc":{"start":{"line":102,"column":30},"end":{"line":102,"column":null}},"type":"binary-expr","locations":[{"start":{"line":102,"column":30},"end":{"line":102,"column":48}},{"start":{"line":102,"column":52},"end":{"line":102,"column":null}}],"line":102},"1":{"loc":{"start":{"line":103,"column":27},"end":{"line":103,"column":null}},"type":"binary-expr","locations":[{"start":{"line":103,"column":27},"end":{"line":103,"column":42}},{"start":{"line":103,"column":46},"end":{"line":103,"column":null}}],"line":103},"2":{"loc":{"start":{"line":104,"column":33},"end":{"line":104,"column":null}},"type":"binary-expr","locations":[{"start":{"line":104,"column":33},"end":{"line":104,"column":54}},{"start":{"line":104,"column":58},"end":{"line":104,"column":null}}],"line":104},"3":{"loc":{"start":{"line":114,"column":32},"end":{"line":114,"column":null}},"type":"binary-expr","locations":[{"start":{"line":114,"column":32},"end":{"line":114,"column":47}},{"start":{"line":114,"column":51},"end":{"line":114,"column":null}}],"line":114},"4":{"loc":{"start":{"line":115,"column":33},"end":{"line":115,"column":null}},"type":"binary-expr","locations":[{"start":{"line":115,"column":33},"end":{"line":115,"column":49}},{"start":{"line":115,"column":53},"end":{"line":115,"column":null}}],"line":115},"5":{"loc":{"start":{"line":129,"column":4},"end":{"line":131,"column":null}},"type":"if","locations":[{"start":{"line":129,"column":4},"end":{"line":131,"column":null}},{"start":{},"end":{}}],"line":129},"6":{"loc":{"start":{"line":129,"column":8},"end":{"line":129,"column":75}},"type":"binary-expr","locations":[{"start":{"line":129,"column":8},"end":{"line":129,"column":42}},{"start":{"line":129,"column":42},"end":{"line":129,"column":75}}],"line":129},"7":{"loc":{"start":{"line":148,"column":4},"end":{"line":148,"column":36}},"type":"default-arg","locations":[{"start":{"line":148,"column":31},"end":{"line":148,"column":36}}],"line":148},"8":{"loc":{"start":{"line":149,"column":4},"end":{"line":149,"column":25}},"type":"default-arg","locations":[{"start":{"line":149,"column":20},"end":{"line":149,"column":25}}],"line":149},"9":{"loc":{"start":{"line":152,"column":4},"end":{"line":156,"column":null}},"type":"if","locations":[{"start":{"line":152,"column":4},"end":{"line":156,"column":null}},{"start":{},"end":{}}],"line":152},"10":{"loc":{"start":{"line":183,"column":37},"end":{"line":183,"column":null}},"type":"cond-expr","locations":[{"start":{"line":183,"column":60},"end":{"line":183,"column":66}},{"start":{"line":183,"column":66},"end":{"line":183,"column":null}}],"line":183},"11":{"loc":{"start":{"line":198,"column":4},"end":{"line":198,"column":36}},"type":"default-arg","locations":[{"start":{"line":198,"column":31},"end":{"line":198,"column":36}}],"line":198},"12":{"loc":{"start":{"line":201,"column":4},"end":{"line":205,"column":null}},"type":"if","locations":[{"start":{"line":201,"column":4},"end":{"line":205,"column":null}},{"start":{},"end":{}}],"line":201},"13":{"loc":{"start":{"line":208,"column":28},"end":{"line":208,"column":70}},"type":"binary-expr","locations":[{"start":{"line":208,"column":
[...]
:114:6:114:Infinity":26,"b:119:2:124:Infinity:undefined:undefined:undefined:undefined":9,"s:119:2:124:Infinity":27,"b:121:4:123:Infinity:undefined:undefined:undefined:undefined":10,"s:121:4:123:Infinity":28,"s:122:6:122:Infinity":29,"s:127:22:127:Infinity":30,"f:127:43:127:44":5,"s:127:50:127:56":31,"b:128:2:130:Infinity:undefined:undefined:undefined:undefined":11,"s:128:2:130:Infinity":32,"b:128:6:128:42:128:42:128:71":12,"s:129:4:129:Infinity":33,"b:131:2:133:Infinity:undefined:undefined:undefined:undefined":13,"s:131:2:133:Infinity":34,"b:131:6:131:39:131:39:131:68":14,"s:132:4:132:Infinity":35,"s:135:2:135:Infinity":36,"f:142:9:142:Infinity":6,"s:146:24:147:Infinity":37,"f:147:4:147:5":7,"s:147:11:147:Infinity":38,"b:147:11:147:27:147:27:147:Infinity":15,"s:150:21:150:82":39,"b:152:2:161:Infinity:158:9:161:Infinity":16,"s:152:2:161:Infinity":40,"b:154:4:154:Infinity:undefined:undefined:undefined:undefined":17,"s:154:4:154:Infinity":41,"s:154:37:154:Infinity":42,"b:155:4:155:Infinity:undefined:undefined:undefined:undefined":18,"s:155:4:155:Infinity":43,"s:155:40:155:Infinity":44,"b:156:4:156:Infinity:undefined:undefined:undefined:undefined":19,"s:156:4:156:Infinity":45,"s:156:38:156:Infinity":46,"b:157:4:157:Infinity:undefined:undefined:undefined:undefined":20,"s:157:4:157:Infinity":47,"s:157:41:157:Infinity":48,"s:160:4:160:Infinity":49,"s:163:2:163:Infinity":50,"f:169:9:169:Infinity":8,"s:174:25:174:Infinity":51,"s:175:23:175:Infinity":52,"s:176:24:176:Infinity":53,"s:177:28:177:Infinity":54,"s:181:4:184:47":55,"s:186:2:186:Infinity":56,"f:196:9:196:29":9,"s:197:6:197:Infinity":57,"b:200:2:202:Infinity:undefined:undefined:undefined:undefined":21,"s:200:2:202:Infinity":58,"s:201:4:201:Infinity":59,"b:205:2:213:Infinity:undefined:undefined:undefined:undefined":22,"s:205:2:213:Infinity":60,"s:206:4:207:Infinity":61,"f:207:6:207:7":10,"s:207:13:207:Infinity":62,"b:207:13:207:38:207:38:207:Infinity":23,"b:210:4:212:Infinity:undefined:undefined:undefined:undefined":24,"s:210:4:212:Infinity":63,"s:211:6:211:Infinity":64,"s:215:2:215:Infinity":65,"f:221:16:221:30":11,"s:225:8:225:Infinity":66,"s:226:27:226:Infinity":67,"b:228:2:235:Infinity:undefined:undefined:undefined:undefined":25,"s:228:2:235:Infinity":68,"s:229:4:229:Infinity":69,"s:230:10:230:75":70,"b:230:10:230:52:230:52:230:75":26,"s:231:4:234:Infinity":71,"s:238:17:238:Infinity":72,"s:239:2:242:Infinity":73,"s:240:18:240:Infinity":74,"s:241:4:241:Infinity":75,"s:245:25:246:Infinity":76,"f:246:4:246:5":12,"s:246:14:246:Infinity":77,"b:246:15:246:35:246:35:246:41":27,"b:246:41:246:61:246:61:246:Infinity":28,"s:250:15:250:Infinity":78,"s:251:22:251:Infinity":79,"s:254:24:254:Infinity":80,"f:254:43:254:44":13,"s:254:55:254:86":81,"b:254:62:254:82:254:82:254:86":29,"s:255:15:255:Infinity":82,"s:257:24:257:38":83,"s:258:2:264:Infinity":84,"s:259:4:259:Infinity":85,"b:259:14:259:40:259:40:259:Infinity":30,"b:260:4:263:Infinity:undefined:undefined:undefined:undefined":31,"s:260:4:263:Infinity":86,"s:261:6:261:Infinity":87,"s:262:6:262:Infinity":88,"s:267:8:267:Infinity":89,"s:268:8:268:Infinity":90,"s:270:2:275:Infinity":91,"s:277:2:280:Infinity":92,"f:286:16:286:38":14,"s:287:8:287:Infinity":93,"s:290:23:290:Infinity":94,"f:290:38:290:39":15,"s:290:45:290:Infinity":95,"b:291:2:293:Infinity:undefined:undefined:undefined:undefined":32,"s:291:2:293:Infinity":96,"s:292:4:292:Infinity":97,"s:296:25:296:96":98,"b:296:25:296:80:296:84:296:96":33,"s:297:2:297:Infinity":99,"f:303:16:303:43":16,"s:304:53:317:Infinity":100,"s:319:2:319:Infinity":101,"f:325:16:325:Infinity":17,"b:328:29:328:34":34,"b:329:18:329:23":35,"s:331:8:331:Infinity":102,"s:334:24:334:Infinity":103,"s:335:27:335:Infinity":104,"f:335:45:335:46":18,"s:335:52:335:63":105,"s:336:28:338:Infinity":106,"f:338:9:338:10":19,"s:338:16:338:27":107,"s:341:25:343:Infinity":108,"f:342:12:342:13":20,"s:342:19:342:Infinity":109,"f:343:9:343:10":21,"s:343:16:343:35":110,"s:345:4:347:Infinity":111,"b:346:8:346:73:347:8:347:Infinity":36,"f:346:30:346:31":22,"s:346:40:346:47":112,"s:350:27:350:Infinity":113,"f:350:50:350:51":23,"s:350:57:350:Infinity":114,"s:351:28:351:Infinity":115,"s:353:2:368:Infinity":116,"f:354:34:354:35":24,"s:354:42:358:Infinity":117,"b:362:8:362:Infinity:363:8:363:Infinity":37}}}
,"C:\\Users\\sinyo\\aSpiral\\aSpiral\\aSpiral\\aSpiral\\src\\lib\\breakthrough\\types.ts": {"path":"C:\\Users\\sinyo\\aSpiral\\aSpiral\\aSpiral\\aSpiral\\src\\lib\\breakthrough\\types.ts","statementMap":{"0":{"start":{"line":333,"column":36},"end":{"line":333,"column":null}},"1":{"start":{"line":337,"column":2},"end":{"line":341,"column":null}},"2":{"start":{"line":338,"column":20},"end":{"line":338,"column":null}},"3":{"start":{"line":339,"column":4},"end":{"line":339,"column":null}},"4":{"start":{"line":339,"column":48},"end":{"line":339,"column":null}},"5":{"start":{"line":340,"column":4},"end":{"line":340,"column":null}},"6":{"start":{"line":340,"column":47},"end":{"line":340,"column":null}},"7":{"start":{"line":344,"column":2},"end":{"line":348,"column":null}},"8":{"start":{"line":345,"column":22},"end":{"line":345,"column":null}},"9":{"start":{"line":346,"column":4},"end":{"line":346,"column":null}},"10":{"start":{"line":346,"column":52},"end":{"line":346,"column":null}},"11":{"start":{"line":347,"column":4},"end":{"line":347,"column":null}},"12":{"start":{"line":347,"column":51},"end":{"line":347,"column":null}},"13":{"start":{"line":351,"column":2},"end":{"line":351,"column":null}},"14":{"start":{"line":355,"column":2},"end":{"line":357,"column":null}},"15":{"start":{"line":356,"column":4},"end":{"line":356,"column":null}}},"fnMap":{"0":{"name":"isBreakthroughV2Enabled","decl":{"start":{"line":335,"column":16},"end":{"line":335,"column":null}},"loc":{"start":{"line":335,"column":16},"end":{"line":352,"column":null}},"line":335},"1":{"name":"setBreakthroughV2Enabled","decl":{"start":{"line":354,"column":16},"end":{"line":354,"column":41}},"loc":{"start":{"line":354,"column":57},"end":{"line":358,"column":null}},"line":354}},"branchMap":{"0":{"loc":{"start":{"line":337,"column":2},"end":{"line":341,"column":null}},"type":"if","locations":[{"start":{"line":337,"column":2},"end":{"line":341,"column":null}},{"start":{},"end":{}}],"line":337},"1":{"loc":{"start":{"line":339,"column":4},"end":{"line":339,"column":null}},"type":"if","locations":[{"start":{"line":339,"column":4},"end":{"line":339,"column":null}},{"start":{},"end":{}}],"line":339},"2":{"loc":{"start":{"line":339,"column":8},"end":{"line":339,"column":48}},"type":"binary-expr","locations":[{"start":{"line":339,"column":8},"end":{"line":339,"column":31}},{"start":{"line":339,"column":31},"end":{"line":339,"column":48}}],"line":339},"3":{"loc":{"start":{"line":340,"column":4},"end":{"line":340,"column":null}},"type":"if","locations":[{"start":{"line":340,"column":4},"end":{"line":340,"column":null}},{"start":{},"end":{}}],"line":340},"4":{"loc":{"start":{"line":340,"column":8},"end":{"line":340,"column":47}},"type":"binary-expr","locations":[{"start":{"line":340,"column":8},"end":{"line":340,"column":30}},{"start":{"line":340,"column":30},"end":{"line":340,"column":47}}],"line":340},"5":{"loc":{"start":{"line":344,"column":2},"end":{"line":348,"column":null}},"type":"if","locations":[{"start":{"line":344,"column":2},"end":{"line":348,"column":null}},{"start":{},"end":{}}],"line":344},"6":{"loc":{"start":{"line":346,"column":4},"end":{"line":346,"column":null}},"type":"if","locations":[{"start":{"line":346,"column":4},"end":{"line":346,"column":null}},{"start":{},"end":{}}],"line":346},"7":{"loc":{"start":{"line":346,"column":8},"end":{"line":346,"column":52}},"type":"binary-expr","locations":[{"start":{"line":346,"column":8},"end":{"line":346,"column":33}},{"start":{"line":346,"column":33},"end":{"line":346,"column":52}}],"line":346},"8":{"loc":{"start":{"line":347,"column":4},"end":{"line":347,"column":null}},"type":"if","locations":[{"start":{"line":347,"column":4},"end":{"line":347,"column":null}},{"start":{},"end":{}}],"line":347},"9":{"loc":{"start":{"line":347,"column":8},"end":{"line":347,"column":51}},"type":"binary-expr","locations":[{"start":{"line":347,"column":8},"end":{"line":347,"column":32}},{"start":{"line":347,"column":32},"end":{"line":347,"column":51}}],"line":347},"10":{"loc":{"start":{"line":355,"column":2},"end":{"line":357,"column":null}},"type":"if","locations":[{"start":{"line":355,"column":2},"end":{"line":357,"column":null}},{"start":{},"end":{}}],"line":355},"11":{"loc":{"start":{"line":356,"column":47},"end":{"line":356,"column":null}},"type":"cond-expr","locations":[{"start":{"line":356,"column":57},"end":{"line":356,"column":66}},{"start":{"line":356,"column":66},"end":{"line":356,"column":null}}],"line":356}},"s":{"0":2,"1":14,"2":14,"3":14,"4":0,"5":14,"6":0,"7":14,"8":14,"9":14,"10":0,"11":14,"12":0,"13":14,"14":0,"15":0},"f":{"0":14,"1":0},"b":{"0":[14,0],"1":[0,14],"2":[14,14],"3":[0,14],"4":[14,14],"5":[14,0],"6":[0,14],"7":[14,14],"8":[0,14],"9":[14,14],"10":[0,0],"11":[0,0]},"meta":{"lastBranch":12,"lastFunction":2,"lastStatement":16,"seen":{"s:333:36:333:Infinity":0,"f:335:16:335:Infinity":0,"b:337:2:341:Infinity:undefined:undefined:undefined:undefined":0,"s:337:2:341:Infinity":1,"s:338:20:338:Infinity":2,"b:339:4:339:Infinity:undefined:undefined:undefined:undefined":1,"s:339:4:339:Infinity":3,"b:339:8:339:31:339:31:339:48":2,"s:339:48:339:Infinity":4,"b:340:4:340:Infinity:undefined:undefined:undefined:undefined":3,"s:340:4:340:Infinity":5,"b:340:8:340:30:340:30:340:47":4,"s:340:47:340:Infinity":6,"b:344:2:348:Infinity:undefined:undefined:undefined:undefined":5,"s:344:2:348:Infinity":7,"s:345:22:345:Infinity":8,"b:346:4:346:Infinity:undefined:undefined:undefined:undefined":6,"s:346:4:346:Infinity":9,"b:346:8:346:33:346:33:346:52":7,"s:346:52:346:Infinity":10,"b:347:4:347:Infinity:undefined:undefined:undefined:undefined":8,"s:347:4:347:Infinity":11,"b:347:8:347:32:347:32:347:51":9,"s:347:51:347:Infinity":12,"s:351:2:351:Infinity":13,"f:354:16:354:41":1,"b:355:2:357:Infinity:undefined:undefined:undefined:undefined":10,"s:355:2:357:Infinity":14,"s:356:4:356:Infinity":15,"b:356:57:356:66:356:66:356:Infinity":11}}}
,"C:\\Users\\sinyo\\aSpiral\\aSpiral\\aSpiral\\aSpiral\\src\\lib\\i18n\\locales\\de.json": {"path":"C:\\Users\\sinyo\\aSpiral\\aSpiral\\aSpiral\\aSpiral\\src\\lib\\i18n\\locales\\de.json","statementMap":{},"fnMap":{},"branchMap":{},"s":{},"f":{},"b":{},"meta":{"lastBranch":0,"lastFunction":0,"lastStatement":0,"seen":{}}}
,"C:\\Users\\sinyo\\aSpiral\\aSpiral\\aSpiral\\aSpiral\\src\\lib\\i18n\\locales\\en.json": {"path":"C:\\Users\\sinyo\\aSpiral\\aSpiral\\aSpiral\\aSpiral\\src\\lib\\i18n\\locales\\en.json","statementMap":{},"fnMap":{},"branchMap":{},"s":{},"f":{},"b":{},"meta":{"lastBranch":0,"lastFunction":0,"lastStatement":0,"seen":{}}}
,"C:\\Users\\sinyo\\aSpiral\\aSpiral\\aSpiral\\aSpiral\\src\\lib\\i18n\\locales\\es.json": {"path":"C:\\Users\\sinyo\\aSpiral\\aSpiral\\aSpiral\\aSpiral\\src\\lib\\i18n\\locales\\es.json","statementMap":{},"fnMap":{},"branchMap":{},"s":{},"f":{},"b":{},"meta":{"lastBranch":0,"lastFunction":0,"lastStatement":0,"seen":{}}}
,"C:\\Users\\sinyo\\aSpiral\\aSpiral\\aSpiral\\aSpiral\\src\\lib\\i18n\\locales\\fr.json": {"path":"C:\\Users\\sinyo\\aSpiral\\aSpiral\\aSpiral\\aSpiral\\src\\lib\\i18n\\locales\\fr.json","statementMap":{},"fnMap":{},"branchMap":{},"s":{},"f":{},"b":{},"meta":{"lastBranch":0,"lastFunction":0,"lastStatement":0,"seen":{}}}
,"C:\\Users\\sinyo\\aSpiral\\aSpiral\\aSpiral\\aSpiral\\src\\lib\\i18n\\locales\\ja.json": {"path":"C:\\Users\\sinyo\\aSpiral\\aSpiral\\aSpiral\\aSpiral\\src\\lib\\i18n\\locales\\ja.json","statementMap":{},"fnMap":{},"branchMap":{},"s":{},"f":{},"b":{},"meta":{"lastBranch":0,"lastFunction":0,"lastStatement":0,"seen":{}}}
,"C:\\Users\\sinyo\\aSpiral\\aSpiral\\aSpiral\\aSpiral\\src\\lib\\three\\cssHsl.ts": {"path":"C:\\Users\\sinyo\\aSpiral\\aSpiral\\aSpiral\\aSpiral\\src\\lib\\three\\cssHsl.ts","statementMap":{"0":{"start":{"line":18,"column":20},"end":{"line":18,"column":null}},"1":{"start":{"line":31,"column":4},"end":{"line":33,"column":null}},"2":{"start":{"line":32,"column":8},"end":{"line":32,"column":null}},"3":{"start":{"line":35,"column":18},"end":{"line":35,"column":null}},"4":{"start":{"line":36,"column":4},"end":{"line":38,"column":null}},"5":{"start":{"line":37,"column":8},"end":{"line":37,"column":null}},"6":{"start":{"line":40,"column":14},"end":{"line":40,"column":null}},"7":{"start":{"line":41,"column":14},"end":{"line":41,"column":null}},"8":{"start":{"line":42,"column":14},"end":{"line":42,"column":null}},"9":{"start":{"line":45,"column":8},"end":{"line":47,"column":null}},"10":{"start":{"line":50,"column":4},"end":{"line":52,"column":null}},"11":{"start":{"line":51,"column":8},"end":{"line":51,"column":null}},"12":{"start":{"line":54,"column":4},"end":{"line":58,"column":null}},"13":{"start":{"line":69,"column":24},"end":{"line":69,"column":null}},"14":{"start":{"line":71,"column":19},"end":{"line":71,"column":null}},"15":{"start":{"line":72,"column":23},"end":{"line":72,"column":null}},"16":{"start":{"line":73,"column":14},"end":{"line":73,"column":null}},"17":{"start":{"line":74,"column":18},"end":{"line":74,"column":null}},"18":{"start":{"line":76,"column":12},"end":{"line":76,"column":null}},"19":{"start":{"line":77,"column":12},"end":{"line":77,"column":null}},"20":{"start":{"line":78,"column":12},"end":{"line":78,"column":null}},"21":{"start":{"line":80,"column":4},"end":{"line":85,"column":null}},"22":{"start":{"line":80,"column":26},"end":{"line":80,"column":38}},"23":{"start":{"line":80,"column":38},"end":{"line":80,"column":44}},"24":{"start":{"line":81,"column":9},"end":{"line":85,"column":null}},"25":{"start":{"line":81,"column":31},"end":{"line":81,"column":38}},"26":{"start":{"line":81,"column":38},"end":{"line":81,"column":49}},"27":{"start":{"line":82,"column":9},"end":{"line":85,"column":null}},"28":{"start":{"line":82,"column":31},"end":{"line":82,"column":43}},"29":{"start":{"line":82,"column":43},"end":{"line":82,"column":49}},"30":{"start":{"line":83,"column":9},"end":{"line":85,"column":null}},"31":{"start":{"line":83,"column":31},"end":{"line":83,"column":38}},"32":{"start":{"line":83,"column":38},"end":{"line":83,"column":49}},"33":{"start":{"line":84,"column":9},"end":{"line":85,"column":null}},"34":{"start":{"line":84,"column":31},"end":{"line":84,"column":38}},"35":{"start":{"line":84,"column":38},"end":{"line":84,"column":49}},"36":{"start":{"line":85,"column":11},"end":{"line":85,"column":23}},"37":{"start":{"line":85,"column":23},"end":{"line":85,"column":29}},"38":{"start":{"line":87,"column":18},"end":{"line":88,"column":null}},"39":{"start":{"line":88,"column":8},"end":{"line":88,"column":null}},"40":{"start":{"line":90,"column":4},"end":{"line":90,"column":null}}},"fnMap":{"0":{"name":"parseCssHsl","decl":{"start":{"line":30,"column":16},"end":{"line":30,"column":28}},"loc":{"start":{"line":30,"column":58},"end":{"line":59,"column":null}},"line":30},"1":{"name":"hslToHex","decl":{"start":{"line":68,"column":16},"end":{"line":68,"column":25}},"loc":{"start":{"line":68,"column":42},"end":{"line":91,"column":null}},"line":68},"2":{"name":"(anonymous_2)","decl":{"start":{"line":87,"column":18},"end":{"line":87,"column":19}},"loc":{"start":{"line":88,"column":8},"end":{"line":88,"column":null}},"line":88}},"branchMap":{"0":{"loc":{"start":{"line":31,"column":4},"end":{"line":33,"column":null}},"type":"if","locations":[{"start":{"line":31,"column":4},"end":{"line":33,"column":null}},{"start":{},"end":{}}],"line":31},"1":{"loc":{"start":{"line":31,"column":8},"end":{"line":31,"column":53}},"type":"binary-expr","locations":[{"start":{"line":31,"column":8},"end":{"line":31,"column":35}},{"start":{"line":31,"column":35},"end":{"line":31,"column":53}}],"line":31},"2":{"loc":{"start":{"line":36,"column":4},"end":{"line":38,"column":null}},"type":"if","locations":[{"start":{"line":36,"column":4},"end":{"line":38,"column":null}},{"start":{},"end":{}}],"line":36},"3":{"loc":{"start":{"line":45,"column":8},"end":{"line":47,"column":null}},"type":"binary-expr","locations":[{"start":{"line":45,"column":8},"end":{"line":45,"column":18}},{"start":{"line":45,"column":18},"end":{"line":45,"column":null}},{"start":{"line":46,"column":8},"end":{"line":46,"column":18}},{"start":{"line":46,"column":18},"end":{"line":46,"column":null}},{"start":{"line":47,"column":8},"end":{"line":47,"column":18}},{"start":{"line":47,"column":18},"end":{"line":47,"column":null}}],"line":45},"4":{"loc":{"start":{"line":50,"column":4},"end":{"line":52,"column":null}},"type":"if","locations":[{"start":{"line":50,"column":4},"end":{"line":52,"column":null}},{"start":{},"end":{}}],"line":50},"5":{"loc":{"start":{"line":80,"column":4},"end":{"line":85,"column":null}},"type":"if","locations":[{"start":{"line":80,"column":4},"end":{"line":85,"column":null}},{"start":{"line":81,"column":9},"end":{"line":85,"column":null}}],"line":80},"6":{"loc":{"start":{"line":81,"column":9},"end":{"line":85,"column":null}},"type":"if","locations":[{"start":{"line":81,"column":9},"end":{"line":85,"column":null}},{"start":{"line":82,"column":9},"end":{"line":85,"column":null}}],"line":81},"7":{"loc":{"start":{"line":82,"column":9},"end":{"line":85,"column":null}},"type":"if","locations":[{"start":{"line":82,"column":9},"end":{"line":85,"column":null}},{"start":{"line":83,"column":9},"end":{"line":85,"column":null}}],"line":82},"8":{"loc":{"start":{"line":83,"column":9},"end":{"line":85,"column":null}},"type":"if","locations":[{"start":{"line":83,"column":9},"end":{"line":85,"column":null}},{"start":{"line":84,"column":9},"end":{"line":85,"column":null}}],"line":83},"9":{"loc":{"start":{"line":84,"column":9},"end":{"line":85,"column":null}},"type":"if","locations":[{"start":{"line":84,"column":9},"end":{"line":85,"column":null}},{"start":{"line":85,"column":9},"end":{"line":85,"column":null}}],"line":84}},"s":{"0":1,"1":17,"2":4,"3":13,"4":13,"5":4,"6":9,"7":9,"8":9,"9":9,"10":17,"11":3,"12":6,"13":6,"14":6,"15":6,"16":6,"17":6,"18":6,"19":6,"20":6,"21":6,"22":3,"23":3,"24":3,"25":0,"26":0,"27":3,"28":1,"29":1,"30":2,"31":0,"32":0,"33":2,"34":2,"35":2,"36":0,"37":0,"38":6,"39":18,"40":6},"f":{"0":17,"1":6,"2":18},"b":{"0":[4,13],"1":[17,14],"2":[4,9],"3":[9,9,8,8,7,7],"4":[3,14],"5":[3,3],"6":[0,3],"7":[1,2],"8":[0,2],"9":[2,0]},"meta":{"lastBranch":10,"lastFunction":3,"lastStatement":41,"seen":{"s:18:20:18:Infinity":0,"f:30:16:30:28":0,"b:31:4:33:Infinity:undefined:undefined:undefined:undefined":0,"s:31:4:33:Infinity":1,"b:31:8:31:35:31:35:31:53":1,"s:32:8:32:Infinity":2,"s:35:18:35:Infinity":3,"b:36:4:38:Infinity:undefined:undefined:undefined:undefined":2,"s:36:4:38:Infinity":4,"s:37:8:37:Infinity":5,"s:40:14:40:Infinity":6,"s:41:14:41:Infinity":7,"s:42:14:42:Infinity":8,"s:45:8:47:Infinity":9,"b:45:8:45:18:45:18:45:Infinity:46:8:46:18:46:18:46:Infinity:47:8:47:18:47:18:47:Infinity":3,"b:50:4:52:Infinity:undefined:undefined:undefined:undefined":4,"s:50:4:52:Infinity":10,"s:51:8:51:Infinity":11,"s:54:4:58:Infinity":12,"f:68:16:68:25":1,"s:69:24:69:Infinity":13,"s:71:19:71:Infinity":14,"s:72:23:72:Infinity":15,"s:73:14:73:Infinity":16,"s:74:18:74:Infinity":17,"s:76:12:76:Infinity":18,"s:77:12:77:Infinity":19,"s:78:12:78:Infinity":20,"b:80:4:85:Infinity:81:9:85:Infinity":5,"s:80:4:85:Infinity":21,"s:80:26:80:38":22,"s:80:38:80:44":23,"b:81:9:85:Infinity:82:9:85:Infinity":6,"s:81:9:85:Infinity":24,"s:81:31:81:38":25,"s:81:38:81:49":26,"b:82:9:85:Infinity:83:9:85:Infinity":7,"s:82:9:85:Infinity":27,"s:82:31:82:43":28,"s:82:43:82:49":29,"b:83:9:85:Infinity:84:9:85:Infinity":8,"s:83:9:85:Infinity":30,"s:83:31:83:38":31,"s:83:38:83:49":32,"b:84:9:85:Infinity:85:9:85:Infinity":9,"s:84:9:85:Infinity":33,"s:84:31:84:38":34,"s:84:38:84:49":35,"s:85:11:85:23":36,"s:85:23:85:29":37,"s:87:18:88:Infinity":38,"f:87:18:87:19":2,"s:88:8:88:Infinity":39,"s:90:4:90:Infinity":40}}}
}
